2023-06-18 11:16:12.891  WARN 28096 --- [HikariPool-1 housekeeper] com.zaxxer.hikari.pool.HikariPool        : HikariPool-1 - Thread starvation or clock leap detected (housekeeper delta=22h41m53s930ms886µs).
2023-06-18 11:16:32.156  INFO 28096 --- [SpringApplicationShutdownHook] j.LocalContainerEntityManagerFactoryBean : Closing JPA EntityManagerFactory for persistence unit 'default'
2023-06-18 11:16:32.158  INFO 28096 --- [SpringApplicationShutdownHook] com.zaxxer.hikari.HikariDataSource       : HikariPool-1 - Shutdown initiated...
2023-06-18 11:16:32.163  INFO 28096 --- [SpringApplicationShutdownHook] com.zaxxer.hikari.HikariDataSource       : HikariPool-1 - Shutdown completed.
2023-06-18 11:23:04.347  INFO 31232 --- [main] com.example.demo.DemoApplication         : Starting DemoApplication using Java 17.0.4 on LAPTOP-C97C4J73 with PID 31232 (D:\Ну пускай эта папка будет для учебы\Java\BelBank\asb-main\demo\target\classes started by Xiaomi in D:\Ну пускай эта папка будет для учебы\Java\BelBank\asb-main\demo)
2023-06-18 11:23:04.350  INFO 31232 --- [main] com.example.demo.DemoApplication         : No active profile set, falling back to 1 default profile: "default"
2023-06-18 11:23:05.125  INFO 31232 --- [main] .s.d.r.c.RepositoryConfigurationDelegate : Bootstrapping Spring Data JPA repositories in DEFAULT mode.
2023-06-18 11:23:05.178  INFO 31232 --- [main] .s.d.r.c.RepositoryConfigurationDelegate : Finished Spring Data repository scanning in 44 ms. Found 2 JPA repository interfaces.
2023-06-18 11:23:06.043  INFO 31232 --- [main] o.s.b.w.embedded.tomcat.TomcatWebServer  : Tomcat initialized with port(s): 8080 (http)
2023-06-18 11:23:06.060  INFO 31232 --- [main] o.apache.catalina.core.StandardService   : Starting service [Tomcat]
2023-06-18 11:23:06.061  INFO 31232 --- [main] org.apache.catalina.core.StandardEngine  : Starting Servlet engine: [Apache Tomcat/9.0.68]
2023-06-18 11:23:06.254  INFO 31232 --- [main] o.a.c.c.C.[Tomcat].[localhost].[/]       : Initializing Spring embedded WebApplicationContext
2023-06-18 11:23:06.254  INFO 31232 --- [main] w.s.c.ServletWebServerApplicationContext : Root WebApplicationContext: initialization completed in 1857 ms
2023-06-18 11:23:06.390  INFO 31232 --- [main] o.f.c.internal.license.VersionPrinter    : Flyway Community Edition 8.5.13 by Redgate
2023-06-18 11:23:06.390  INFO 31232 --- [main] o.f.c.internal.license.VersionPrinter    : See what's new here: https://flywaydb.org/documentation/learnmore/releaseNotes#8.5.13
2023-06-18 11:23:06.390  INFO 31232 --- [main] o.f.c.internal.license.VersionPrinter    : 
2023-06-18 11:23:06.397  INFO 31232 --- [main] com.zaxxer.hikari.HikariDataSource       : HikariPool-1 - Starting...
2023-06-18 11:23:06.991  INFO 31232 --- [main] com.zaxxer.hikari.HikariDataSource       : HikariPool-1 - Start completed.
2023-06-18 11:23:07.062  INFO 31232 --- [main] o.f.c.i.database.base.BaseDatabaseType   : Database: jdbc:mysql://localhost:3306/andrei (MySQL 8.0)
2023-06-18 11:23:07.227  INFO 31232 --- [main] o.f.core.internal.command.DbValidate     : Successfully validated 4 migrations (execution time 00:00.099s)
2023-06-18 11:23:07.253  INFO 31232 --- [main] o.f.core.internal.command.DbMigrate      : Current version of schema `andrei`: 00004
2023-06-18 11:23:07.255  INFO 31232 --- [main] o.f.core.internal.command.DbMigrate      : Schema `andrei` is up to date. No migration necessary.
2023-06-18 11:23:07.481  INFO 31232 --- [main] o.hibernate.jpa.internal.util.LogHelper  : HHH000204: Processing PersistenceUnitInfo [name: default]
2023-06-18 11:23:07.603  INFO 31232 --- [main] org.hibernate.Version                    : HHH000412: Hibernate ORM core version 5.6.12.Final
2023-06-18 11:23:08.009  INFO 31232 --- [main] o.hibernate.annotations.common.Version   : HCANN000001: Hibernate Commons Annotations {5.1.2.Final}
2023-06-18 11:23:08.167  INFO 31232 --- [main] org.hibernate.dialect.Dialect            : HHH000400: Using dialect: org.hibernate.dialect.MySQL8Dialect
2023-06-18 11:23:08.788  INFO 31232 --- [main] o.h.e.t.j.p.i.JtaPlatformInitiator       : HHH000490: Using JtaPlatform implementation: [org.hibernate.engine.transaction.jta.platform.internal.NoJtaPlatform]
2023-06-18 11:23:08.795  INFO 31232 --- [main] j.LocalContainerEntityManagerFactoryBean : Initialized JPA EntityManagerFactory for persistence unit 'default'
2023-06-18 11:23:09.601  WARN 31232 --- [main] JpaBaseConfiguration$JpaWebConfiguration : spring.jpa.open-in-view is enabled by default. Therefore, database queries may be performed during view rendering. Explicitly configure spring.jpa.open-in-view to disable this warning
2023-06-18 11:23:10.483  INFO 31232 --- [main] o.s.b.w.embedded.tomcat.TomcatWebServer  : Tomcat started on port(s): 8080 (http) with context path ''
2023-06-18 11:23:10.624  INFO 31232 --- [http-nio-8080-exec-1] o.a.c.c.C.[Tomcat].[localhost].[/]       : Initializing Spring DispatcherServlet 'dispatcherServlet'
2023-06-18 11:23:10.624  INFO 31232 --- [http-nio-8080-exec-1] o.s.web.servlet.DispatcherServlet        : Initializing Servlet 'dispatcherServlet'
2023-06-18 11:23:10.627  INFO 31232 --- [http-nio-8080-exec-1] o.s.web.servlet.DispatcherServlet        : Completed initialization in 2 ms
2023-06-18 11:23:10.875  INFO 31232 --- [main] com.example.demo.DemoApplication         : Started DemoApplication in 6.989 seconds (JVM running for 7.665)
2023-06-18 11:23:11.434  INFO 31232 --- [scheduling-1] Schedule Logger                          : Monthly Rates get from url 
2023-06-18 11:23:11.435  INFO 31232 --- [scheduling-1] Schedule Logger                          : Monthly Rates add into database 
2023-06-18 11:23:11.448  INFO 31232 --- [scheduling-1] Schedule Logger                          : Daily Rates get from url
2023-06-18 11:23:11.448  INFO 31232 --- [scheduling-1] Schedule Logger                          : Daily Rates add into database 
2023-06-18 12:11:59.334  WARN 31232 --- [HikariPool-1 housekeeper] com.zaxxer.hikari.pool.HikariPool        : HikariPool-1 - Thread starvation or clock leap detected (housekeeper delta=40m27s952ms471µs900ns).
2023-06-18 12:13:22.613  INFO 31232 --- [SpringApplicationShutdownHook] j.LocalContainerEntityManagerFactoryBean : Closing JPA EntityManagerFactory for persistence unit 'default'
2023-06-18 12:13:22.615  INFO 31232 --- [SpringApplicationShutdownHook] com.zaxxer.hikari.HikariDataSource       : HikariPool-1 - Shutdown initiated...
2023-06-18 12:13:22.620  INFO 31232 --- [SpringApplicationShutdownHook] com.zaxxer.hikari.HikariDataSource       : HikariPool-1 - Shutdown completed.
2023-06-18 12:14:12.614  INFO 27240 --- [main] com.example.demo.DemoApplication         : Starting DemoApplication using Java 17.0.4 on LAPTOP-C97C4J73 with PID 27240 (D:\Ну пускай эта папка будет для учебы\Java\BelBank\asb-main\demo\target\classes started by Xiaomi in D:\Ну пускай эта папка будет для учебы\Java\BelBank\asb-main\demo)
2023-06-18 12:14:12.616  INFO 27240 --- [main] com.example.demo.DemoApplication         : No active profile set, falling back to 1 default profile: "default"
2023-06-18 12:14:13.486  INFO 27240 --- [main] .s.d.r.c.RepositoryConfigurationDelegate : Bootstrapping Spring Data JPA repositories in DEFAULT mode.
2023-06-18 12:14:13.593  INFO 27240 --- [main] .s.d.r.c.RepositoryConfigurationDelegate : Finished Spring Data repository scanning in 99 ms. Found 2 JPA repository interfaces.
2023-06-18 12:14:14.506  INFO 27240 --- [main] o.s.b.w.embedded.tomcat.TomcatWebServer  : Tomcat initialized with port(s): 8080 (http)
2023-06-18 12:14:14.519  INFO 27240 --- [main] o.apache.catalina.core.StandardService   : Starting service [Tomcat]
2023-06-18 12:14:14.520  INFO 27240 --- [main] org.apache.catalina.core.StandardEngine  : Starting Servlet engine: [Apache Tomcat/9.0.68]
2023-06-18 12:14:14.664  INFO 27240 --- [main] o.a.c.c.C.[Tomcat].[localhost].[/]       : Initializing Spring embedded WebApplicationContext
2023-06-18 12:14:14.665  INFO 27240 --- [main] w.s.c.ServletWebServerApplicationContext : Root WebApplicationContext: initialization completed in 2003 ms
2023-06-18 12:14:14.807  INFO 27240 --- [main] o.f.c.internal.license.VersionPrinter    : Flyway Community Edition 8.5.13 by Redgate
2023-06-18 12:14:14.807  INFO 27240 --- [main] o.f.c.internal.license.VersionPrinter    : See what's new here: https://flywaydb.org/documentation/learnmore/releaseNotes#8.5.13
2023-06-18 12:14:14.807  INFO 27240 --- [main] o.f.c.internal.license.VersionPrinter    : 
2023-06-18 12:14:14.815  INFO 27240 --- [main] com.zaxxer.hikari.HikariDataSource       : HikariPool-1 - Starting...
2023-06-18 12:14:15.064  INFO 27240 --- [main] com.zaxxer.hikari.HikariDataSource       : HikariPool-1 - Start completed.
2023-06-18 12:14:15.091  INFO 27240 --- [main] o.f.c.i.database.base.BaseDatabaseType   : Database: jdbc:mysql://localhost:3306/andrei (MySQL 8.0)
2023-06-18 12:14:15.166  INFO 27240 --- [main] o.f.core.internal.command.DbValidate     : Successfully validated 4 migrations (execution time 00:00.032s)
2023-06-18 12:14:15.178  INFO 27240 --- [main] o.f.core.internal.command.DbMigrate      : Current version of schema `andrei`: 00004
2023-06-18 12:14:15.179  INFO 27240 --- [main] o.f.core.internal.command.DbMigrate      : Schema `andrei` is up to date. No migration necessary.
2023-06-18 12:14:15.297  INFO 27240 --- [main] o.hibernate.jpa.internal.util.LogHelper  : HHH000204: Processing PersistenceUnitInfo [name: default]
2023-06-18 12:14:15.382  INFO 27240 --- [main] org.hibernate.Version                    : HHH000412: Hibernate ORM core version 5.6.12.Final
2023-06-18 12:14:15.614  INFO 27240 --- [main] o.hibernate.annotations.common.Version   : HCANN000001: Hibernate Commons Annotations {5.1.2.Final}
2023-06-18 12:14:15.739  INFO 27240 --- [main] org.hibernate.dialect.Dialect            : HHH000400: Using dialect: org.hibernate.dialect.MySQL8Dialect
2023-06-18 12:14:16.449  INFO 27240 --- [main] o.h.e.t.j.p.i.JtaPlatformInitiator       : HHH000490: Using JtaPlatform implementation: [org.hibernate.engine.transaction.jta.platform.internal.NoJtaPlatform]
2023-06-18 12:14:16.461  INFO 27240 --- [main] j.LocalContainerEntityManagerFactoryBean : Initialized JPA EntityManagerFactory for persistence unit 'default'
2023-06-18 12:14:16.982  WARN 27240 --- [main] JpaBaseConfiguration$JpaWebConfiguration : spring.jpa.open-in-view is enabled by default. Therefore, database queries may be performed during view rendering. Explicitly configure spring.jpa.open-in-view to disable this warning
2023-06-18 12:14:17.712  INFO 27240 --- [main] o.s.b.w.embedded.tomcat.TomcatWebServer  : Tomcat started on port(s): 8080 (http) with context path ''
2023-06-18 12:14:17.747  INFO 27240 --- [main] com.example.demo.DemoApplication         : Started DemoApplication in 5.485 seconds (JVM running for 6.075)
2023-06-18 12:14:18.311  INFO 27240 --- [scheduling-1] Schedule Logger                          : Monthly Rates get from url 
2023-06-18 12:14:18.311  INFO 27240 --- [scheduling-1] Schedule Logger                          : Monthly Rates add into database 
2023-06-18 12:14:18.327  INFO 27240 --- [scheduling-1] Schedule Logger                          : Daily Rates get from url
2023-06-18 12:14:18.327  INFO 27240 --- [scheduling-1] Schedule Logger                          : Daily Rates add into database 
2023-06-18 12:14:25.682  INFO 27240 --- [http-nio-8080-exec-1] o.a.c.c.C.[Tomcat].[localhost].[/]       : Initializing Spring DispatcherServlet 'dispatcherServlet'
2023-06-18 12:14:25.682  INFO 27240 --- [http-nio-8080-exec-1] o.s.web.servlet.DispatcherServlet        : Initializing Servlet 'dispatcherServlet'
2023-06-18 12:14:25.683  INFO 27240 --- [http-nio-8080-exec-1] o.s.web.servlet.DispatcherServlet        : Completed initialization in 1 ms
2023-06-18 12:14:25.705  WARN 27240 --- [http-nio-8080-exec-1] o.s.web.servlet.PageNotFound             : No mapping for GET /swagger-resources/configuration/ui
2023-06-18 12:14:25.760  WARN 27240 --- [http-nio-8080-exec-3] o.s.web.servlet.PageNotFound             : No mapping for GET /swagger-resources/configuration/security
2023-06-18 12:14:25.881  WARN 27240 --- [http-nio-8080-exec-2] o.s.web.servlet.PageNotFound             : No mapping for GET /swagger-resources
2023-06-18 12:15:17.988  INFO 27240 --- [http-nio-8080-exec-4] o.springdoc.api.AbstractOpenApiResource  : Init duration for springdoc-openapi is: 251 ms
2023-06-18 12:19:43.591  INFO 27240 --- [SpringApplicationShutdownHook] j.LocalContainerEntityManagerFactoryBean : Closing JPA EntityManagerFactory for persistence unit 'default'
2023-06-18 12:19:43.593  INFO 27240 --- [SpringApplicationShutdownHook] com.zaxxer.hikari.HikariDataSource       : HikariPool-1 - Shutdown initiated...
2023-06-18 12:19:43.603  INFO 27240 --- [SpringApplicationShutdownHook] com.zaxxer.hikari.HikariDataSource       : HikariPool-1 - Shutdown completed.
2023-06-18 12:19:51.220  INFO 35368 --- [main] com.example.demo.DemoApplication         : Starting DemoApplication using Java 17.0.4 on LAPTOP-C97C4J73 with PID 35368 (D:\Ну пускай эта папка будет для учебы\Java\BelBank\asb-main\demo\target\classes started by Xiaomi in D:\Ну пускай эта папка будет для учебы\Java\BelBank\asb-main\demo)
2023-06-18 12:19:51.223  INFO 35368 --- [main] com.example.demo.DemoApplication         : No active profile set, falling back to 1 default profile: "default"
2023-06-18 12:19:52.101  INFO 35368 --- [main] .s.d.r.c.RepositoryConfigurationDelegate : Bootstrapping Spring Data JPA repositories in DEFAULT mode.
2023-06-18 12:19:52.164  INFO 35368 --- [main] .s.d.r.c.RepositoryConfigurationDelegate : Finished Spring Data repository scanning in 47 ms. Found 2 JPA repository interfaces.
2023-06-18 12:19:52.982  INFO 35368 --- [main] o.s.b.w.embedded.tomcat.TomcatWebServer  : Tomcat initialized with port(s): 8080 (http)
2023-06-18 12:19:53.000  INFO 35368 --- [main] o.apache.catalina.core.StandardService   : Starting service [Tomcat]
2023-06-18 12:19:53.001  INFO 35368 --- [main] org.apache.catalina.core.StandardEngine  : Starting Servlet engine: [Apache Tomcat/9.0.68]
2023-06-18 12:19:53.343  INFO 35368 --- [main] o.a.c.c.C.[Tomcat].[localhost].[/]       : Initializing Spring embedded WebApplicationContext
2023-06-18 12:19:53.344  INFO 35368 --- [main] w.s.c.ServletWebServerApplicationContext : Root WebApplicationContext: initialization completed in 2068 ms
2023-06-18 12:19:53.739  INFO 35368 --- [main] o.f.c.internal.license.VersionPrinter    : Flyway Community Edition 8.5.13 by Redgate
2023-06-18 12:19:53.740  INFO 35368 --- [main] o.f.c.internal.license.VersionPrinter    : See what's new here: https://flywaydb.org/documentation/learnmore/releaseNotes#8.5.13
2023-06-18 12:19:53.741  INFO 35368 --- [main] o.f.c.internal.license.VersionPrinter    : 
2023-06-18 12:19:53.767  INFO 35368 --- [main] com.zaxxer.hikari.HikariDataSource       : HikariPool-1 - Starting...
2023-06-18 12:19:54.169  INFO 35368 --- [main] com.zaxxer.hikari.HikariDataSource       : HikariPool-1 - Start completed.
2023-06-18 12:19:54.203  INFO 35368 --- [main] o.f.c.i.database.base.BaseDatabaseType   : Database: jdbc:mysql://localhost:3306/andrei (MySQL 8.0)
2023-06-18 12:19:54.257  INFO 35368 --- [main] o.f.core.internal.command.DbValidate     : Successfully validated 4 migrations (execution time 00:00.020s)
2023-06-18 12:19:54.267  INFO 35368 --- [main] o.f.core.internal.command.DbMigrate      : Current version of schema `andrei`: 00004
2023-06-18 12:19:54.268  INFO 35368 --- [main] o.f.core.internal.command.DbMigrate      : Schema `andrei` is up to date. No migration necessary.
2023-06-18 12:19:54.368  INFO 35368 --- [main] o.hibernate.jpa.internal.util.LogHelper  : HHH000204: Processing PersistenceUnitInfo [name: default]
2023-06-18 12:19:54.419  INFO 35368 --- [main] org.hibernate.Version                    : HHH000412: Hibernate ORM core version 5.6.12.Final
2023-06-18 12:19:54.625  INFO 35368 --- [main] o.hibernate.annotations.common.Version   : HCANN000001: Hibernate Commons Annotations {5.1.2.Final}
2023-06-18 12:19:54.786  INFO 35368 --- [main] org.hibernate.dialect.Dialect            : HHH000400: Using dialect: org.hibernate.dialect.MySQL8Dialect
2023-06-18 12:19:55.499  INFO 35368 --- [main] o.h.e.t.j.p.i.JtaPlatformInitiator       : HHH000490: Using JtaPlatform implementation: [org.hibernate.engine.transaction.jta.platform.internal.NoJtaPlatform]
2023-06-18 12:19:55.524  INFO 35368 --- [main] j.LocalContainerEntityManagerFactoryBean : Initialized JPA EntityManagerFactory for persistence unit 'default'
2023-06-18 12:19:56.488  WARN 35368 --- [main] JpaBaseConfiguration$JpaWebConfiguration : spring.jpa.open-in-view is enabled by default. Therefore, database queries may be performed during view rendering. Explicitly configure spring.jpa.open-in-view to disable this warning
2023-06-18 12:19:57.598  INFO 35368 --- [main] o.s.b.w.embedded.tomcat.TomcatWebServer  : Tomcat started on port(s): 8080 (http) with context path ''
2023-06-18 12:19:57.624  INFO 35368 --- [main] com.example.demo.DemoApplication         : Started DemoApplication in 6.743 seconds (JVM running for 7.248)
2023-06-18 12:19:58.068  INFO 35368 --- [scheduling-1] Schedule Logger                          : Daily Rates get from url
2023-06-18 12:19:58.069  INFO 35368 --- [scheduling-1] Schedule Logger                          : Daily Rates add into database 
2023-06-18 12:19:58.128  INFO 35368 --- [scheduling-1] Schedule Logger                          : Monthly Rates get from url 
2023-06-18 12:19:58.128  INFO 35368 --- [scheduling-1] Schedule Logger                          : Monthly Rates add into database 
2023-06-18 12:20:04.048  INFO 35368 --- [http-nio-8080-exec-1] o.a.c.c.C.[Tomcat].[localhost].[/]       : Initializing Spring DispatcherServlet 'dispatcherServlet'
2023-06-18 12:20:04.048  INFO 35368 --- [http-nio-8080-exec-1] o.s.web.servlet.DispatcherServlet        : Initializing Servlet 'dispatcherServlet'
2023-06-18 12:20:04.049  INFO 35368 --- [http-nio-8080-exec-1] o.s.web.servlet.DispatcherServlet        : Completed initialization in 1 ms
2023-06-18 12:20:04.771  INFO 35368 --- [http-nio-8080-exec-9] o.springdoc.api.AbstractOpenApiResource  : Init duration for springdoc-openapi is: 164 ms
2023-06-18 12:20:57.220 ERROR 35368 --- [http-nio-8080-exec-8] org.thymeleaf.TemplateEngine             : [THYMELEAF][http-nio-8080-exec-8] Exception processing template "MainPAgePeriod": Error resolving template [MainPAgePeriod], template might not exist or might not be accessible by any of the configured Template Resolvers

org.thymeleaf.exceptions.TemplateInputException: Error resolving template [MainPAgePeriod], template might not exist or might not be accessible by any of the configured Template Resolvers
	at org.thymeleaf.engine.TemplateManager.resolveTemplate(TemplateManager.java:869) ~[thymeleaf-3.0.15.RELEASE.jar:3.0.15.RELEASE]
	at org.thymeleaf.engine.TemplateManager.parseAndProcess(TemplateManager.java:607) ~[thymeleaf-3.0.15.RELEASE.jar:3.0.15.RELEASE]
	at org.thymeleaf.TemplateEngine.process(TemplateEngine.java:1098) ~[thymeleaf-3.0.15.RELEASE.jar:3.0.15.RELEASE]
	at org.thymeleaf.TemplateEngine.process(TemplateEngine.java:1072) ~[thymeleaf-3.0.15.RELEASE.jar:3.0.15.RELEASE]
	at org.thymeleaf.spring5.view.ThymeleafView.renderFragment(ThymeleafView.java:366) ~[thymeleaf-spring5-3.0.15.RELEASE.jar:3.0.15.RELEASE]
	at org.thymeleaf.spring5.view.ThymeleafView.render(ThymeleafView.java:190) ~[thymeleaf-spring5-3.0.15.RELEASE.jar:3.0.15.RELEASE]
	at org.springframework.web.servlet.DispatcherServlet.render(DispatcherServlet.java:1405) ~[spring-webmvc-5.3.23.jar:5.3.23]
	at org.springframework.web.servlet.DispatcherServlet.processDispatchResult(DispatcherServlet.java:1149) ~[spring-webmvc-5.3.23.jar:5.3.23]
	at org.springframework.web.servlet.DispatcherServlet.doDispatch(DispatcherServlet.java:1088) ~[spring-webmvc-5.3.23.jar:5.3.23]
	at org.springframework.web.servlet.DispatcherServlet.doService(DispatcherServlet.java:964) ~[spring-webmvc-5.3.23.jar:5.3.23]
	at org.springframework.web.servlet.FrameworkServlet.processRequest(FrameworkServlet.java:1006) ~[spring-webmvc-5.3.23.jar:5.3.23]
	at org.springframework.web.servlet.FrameworkServlet.doGet(FrameworkServlet.java:898) ~[spring-webmvc-5.3.23.jar:5.3.23]
	at javax.servlet.http.HttpServlet.service(HttpServlet.java:670) ~[tomcat-embed-core-9.0.68.jar:4.0.FR]
	at org.springframework.web.servlet.FrameworkServlet.service(FrameworkServlet.java:883) ~[spring-webmvc-5.3.23.jar:5.3.23]
	at javax.servlet.http.HttpServlet.service(HttpServlet.java:779) ~[tomcat-embed-core-9.0.68.jar:4.0.FR]
	at org.apache.catalina.core.ApplicationFilterChain.internalDoFilter(ApplicationFilterChain.java:227) ~[tomcat-embed-core-9.0.68.jar:9.0.68]
	at org.apache.catalina.core.ApplicationFilterChain.doFilter(ApplicationFilterChain.java:162) ~[tomcat-embed-core-9.0.68.jar:9.0.68]
	at org.apache.tomcat.websocket.server.WsFilter.doFilter(WsFilter.java:53) ~[tomcat-embed-websocket-9.0.68.jar:9.0.68]
	at org.apache.catalina.core.ApplicationFilterChain.internalDoFilter(ApplicationFilterChain.java:189) ~[tomcat-embed-core-9.0.68.jar:9.0.68]
	at org.apache.catalina.core.ApplicationFilterChain.doFilter(ApplicationFilterChain.java:162) ~[tomcat-embed-core-9.0.68.jar:9.0.68]
	at org.springframework.web.servlet.resource.ResourceUrlEncodingFilter.doFilter(ResourceUrlEncodingFilter.java:67) ~[spring-webmvc-5.3.23.jar:5.3.23]
	at org.apache.catalina.core.ApplicationFilterChain.internalDoFilter(ApplicationFilterChain.java:189) ~[tomcat-embed-core-9.0.68.jar:9.0.68]
	at org.apache.catalina.core.ApplicationFilterChain.doFilter(ApplicationFilterChain.java:162) ~[tomcat-embed-core-9.0.68.jar:9.0.68]
	at org.springframework.web.filter.CharacterEncodingFilter.doFilterInternal(CharacterEncodingFilter.java:201) ~[spring-web-5.3.23.jar:5.3.23]
	at org.springframework.web.filter.OncePerRequestFilter.doFilter(OncePerRequestFilter.java:117) ~[spring-web-5.3.23.jar:5.3.23]
	at org.apache.catalina.core.ApplicationFilterChain.internalDoFilter(ApplicationFilterChain.java:189) ~[tomcat-embed-core-9.0.68.jar:9.0.68]
	at org.apache.catalina.core.ApplicationFilterChain.doFilter(ApplicationFilterChain.java:162) ~[tomcat-embed-core-9.0.68.jar:9.0.68]
	at org.apache.catalina.core.StandardWrapperValve.invoke(StandardWrapperValve.java:197) ~[tomcat-embed-core-9.0.68.jar:9.0.68]
	at org.apache.catalina.core.StandardContextValve.invoke(StandardContextValve.java:97) ~[tomcat-embed-core-9.0.68.jar:9.0.68]
	at org.apache.catalina.authenticator.AuthenticatorBase.invoke(AuthenticatorBase.java:541) ~[tomcat-embed-core-9.0.68.jar:9.0.68]
	at org.apache.catalina.core.StandardHostValve.invoke(StandardHostValve.java:135) ~[tomcat-embed-core-9.0.68.jar:9.0.68]
	at org.apache.catalina.valves.ErrorReportValve.invoke(ErrorReportValve.java:92) ~[tomcat-embed-core-9.0.68.jar:9.0.68]
	at org.apache.catalina.core.StandardEngineValve.invoke(StandardEngineValve.java:78) ~[tomcat-embed-core-9.0.68.jar:9.0.68]
	at org.apache.catalina.connector.CoyoteAdapter.service(CoyoteAdapter.java:360) ~[tomcat-embed-core-9.0.68.jar:9.0.68]
	at org.apache.coyote.http11.Http11Processor.service(Http11Processor.java:399) ~[tomcat-embed-core-9.0.68.jar:9.0.68]
	at org.apache.coyote.AbstractProcessorLight.process(AbstractProcessorLight.java:65) ~[tomcat-embed-core-9.0.68.jar:9.0.68]
	at org.apache.coyote.AbstractProtocol$ConnectionHandler.process(AbstractProtocol.java:893) ~[tomcat-embed-core-9.0.68.jar:9.0.68]
	at org.apache.tomcat.util.net.NioEndpoint$SocketProcessor.doRun(NioEndpoint.java:1789) ~[tomcat-embed-core-9.0.68.jar:9.0.68]
	at org.apache.tomcat.util.net.SocketProcessorBase.run(SocketProcessorBase.java:49) ~[tomcat-embed-core-9.0.68.jar:9.0.68]
	at org.apache.tomcat.util.threads.ThreadPoolExecutor.runWorker(ThreadPoolExecutor.java:1191) ~[tomcat-embed-core-9.0.68.jar:9.0.68]
	at org.apache.tomcat.util.threads.ThreadPoolExecutor$Worker.run(ThreadPoolExecutor.java:659) ~[tomcat-embed-core-9.0.68.jar:9.0.68]
	at org.apache.tomcat.util.threads.TaskThread$WrappingRunnable.run(TaskThread.java:61) ~[tomcat-embed-core-9.0.68.jar:9.0.68]
	at java.base/java.lang.Thread.run(Thread.java:833) ~[na:na]

2023-06-18 12:20:57.222 ERROR 35368 --- [http-nio-8080-exec-8] o.a.c.c.C.[.[.[/].[dispatcherServlet]    : Servlet.service() for servlet [dispatcherServlet] in context with path [] threw exception [Request processing failed; nested exception is org.thymeleaf.exceptions.TemplateInputException: Error resolving template [MainPAgePeriod], template might not exist or might not be accessible by any of the configured Template Resolvers] with root cause

org.thymeleaf.exceptions.TemplateInputException: Error resolving template [MainPAgePeriod], template might not exist or might not be accessible by any of the configured Template Resolvers
	at org.thymeleaf.engine.TemplateManager.resolveTemplate(TemplateManager.java:869) ~[thymeleaf-3.0.15.RELEASE.jar:3.0.15.RELEASE]
	at org.thymeleaf.engine.TemplateManager.parseAndProcess(TemplateManager.java:607) ~[thymeleaf-3.0.15.RELEASE.jar:3.0.15.RELEASE]
	at org.thymeleaf.TemplateEngine.process(TemplateEngine.java:1098) ~[thymeleaf-3.0.15.RELEASE.jar:3.0.15.RELEASE]
	at org.thymeleaf.TemplateEngine.process(TemplateEngine.java:1072) ~[thymeleaf-3.0.15.RELEASE.jar:3.0.15.RELEASE]
	at org.thymeleaf.spring5.view.ThymeleafView.renderFragment(ThymeleafView.java:366) ~[thymeleaf-spring5-3.0.15.RELEASE.jar:3.0.15.RELEASE]
	at org.thymeleaf.spring5.view.ThymeleafView.render(ThymeleafView.java:190) ~[thymeleaf-spring5-3.0.15.RELEASE.jar:3.0.15.RELEASE]
	at org.springframework.web.servlet.DispatcherServlet.render(DispatcherServlet.java:1405) ~[spring-webmvc-5.3.23.jar:5.3.23]
	at org.springframework.web.servlet.DispatcherServlet.processDispatchResult(DispatcherServlet.java:1149) ~[spring-webmvc-5.3.23.jar:5.3.23]
	at org.springframework.web.servlet.DispatcherServlet.doDispatch(DispatcherServlet.java:1088) ~[spring-webmvc-5.3.23.jar:5.3.23]
	at org.springframework.web.servlet.DispatcherServlet.doService(DispatcherServlet.java:964) ~[spring-webmvc-5.3.23.jar:5.3.23]
	at org.springframework.web.servlet.FrameworkServlet.processRequest(FrameworkServlet.java:1006) ~[spring-webmvc-5.3.23.jar:5.3.23]
	at org.springframework.web.servlet.FrameworkServlet.doGet(FrameworkServlet.java:898) ~[spring-webmvc-5.3.23.jar:5.3.23]
	at javax.servlet.http.HttpServlet.service(HttpServlet.java:670) ~[tomcat-embed-core-9.0.68.jar:4.0.FR]
	at org.springframework.web.servlet.FrameworkServlet.service(FrameworkServlet.java:883) ~[spring-webmvc-5.3.23.jar:5.3.23]
	at javax.servlet.http.HttpServlet.service(HttpServlet.java:779) ~[tomcat-embed-core-9.0.68.jar:4.0.FR]
	at org.apache.catalina.core.ApplicationFilterChain.internalDoFilter(ApplicationFilterChain.java:227) ~[tomcat-embed-core-9.0.68.jar:9.0.68]
	at org.apache.catalina.core.ApplicationFilterChain.doFilter(ApplicationFilterChain.java:162) ~[tomcat-embed-core-9.0.68.jar:9.0.68]
	at org.apache.tomcat.websocket.server.WsFilter.doFilter(WsFilter.java:53) ~[tomcat-embed-websocket-9.0.68.jar:9.0.68]
	at org.apache.catalina.core.ApplicationFilterChain.internalDoFilter(ApplicationFilterChain.java:189) ~[tomcat-embed-core-9.0.68.jar:9.0.68]
	at org.apache.catalina.core.ApplicationFilterChain.doFilter(ApplicationFilterChain.java:162) ~[tomcat-embed-core-9.0.68.jar:9.0.68]
	at org.springframework.web.servlet.resource.ResourceUrlEncodingFilter.doFilter(ResourceUrlEncodingFilter.java:67) ~[spring-webmvc-5.3.23.jar:5.3.23]
	at org.apache.catalina.core.ApplicationFilterChain.internalDoFilter(ApplicationFilterChain.java:189) ~[tomcat-embed-core-9.0.68.jar:9.0.68]
	at org.apache.catalina.core.ApplicationFilterChain.doFilter(ApplicationFilterChain.java:162) ~[tomcat-embed-core-9.0.68.jar:9.0.68]
	at org.springframework.web.filter.CharacterEncodingFilter.doFilterInternal(CharacterEncodingFilter.java:201) ~[spring-web-5.3.23.jar:5.3.23]
	at org.springframework.web.filter.OncePerRequestFilter.doFilter(OncePerRequestFilter.java:117) ~[spring-web-5.3.23.jar:5.3.23]
	at org.apache.catalina.core.ApplicationFilterChain.internalDoFilter(ApplicationFilterChain.java:189) ~[tomcat-embed-core-9.0.68.jar:9.0.68]
	at org.apache.catalina.core.ApplicationFilterChain.doFilter(ApplicationFilterChain.java:162) ~[tomcat-embed-core-9.0.68.jar:9.0.68]
	at org.apache.catalina.core.StandardWrapperValve.invoke(StandardWrapperValve.java:197) ~[tomcat-embed-core-9.0.68.jar:9.0.68]
	at org.apache.catalina.core.StandardContextValve.invoke(StandardContextValve.java:97) ~[tomcat-embed-core-9.0.68.jar:9.0.68]
	at org.apache.catalina.authenticator.AuthenticatorBase.invoke(AuthenticatorBase.java:541) ~[tomcat-embed-core-9.0.68.jar:9.0.68]
	at org.apache.catalina.core.StandardHostValve.invoke(StandardHostValve.java:135) ~[tomcat-embed-core-9.0.68.jar:9.0.68]
	at org.apache.catalina.valves.ErrorReportValve.invoke(ErrorReportValve.java:92) ~[tomcat-embed-core-9.0.68.jar:9.0.68]
	at org.apache.catalina.core.StandardEngineValve.invoke(StandardEngineValve.java:78) ~[tomcat-embed-core-9.0.68.jar:9.0.68]
	at org.apache.catalina.connector.CoyoteAdapter.service(CoyoteAdapter.java:360) ~[tomcat-embed-core-9.0.68.jar:9.0.68]
	at org.apache.coyote.http11.Http11Processor.service(Http11Processor.java:399) ~[tomcat-embed-core-9.0.68.jar:9.0.68]
	at org.apache.coyote.AbstractProcessorLight.process(AbstractProcessorLight.java:65) ~[tomcat-embed-core-9.0.68.jar:9.0.68]
	at org.apache.coyote.AbstractProtocol$ConnectionHandler.process(AbstractProtocol.java:893) ~[tomcat-embed-core-9.0.68.jar:9.0.68]
	at org.apache.tomcat.util.net.NioEndpoint$SocketProcessor.doRun(NioEndpoint.java:1789) ~[tomcat-embed-core-9.0.68.jar:9.0.68]
	at org.apache.tomcat.util.net.SocketProcessorBase.run(SocketProcessorBase.java:49) ~[tomcat-embed-core-9.0.68.jar:9.0.68]
	at org.apache.tomcat.util.threads.ThreadPoolExecutor.runWorker(ThreadPoolExecutor.java:1191) ~[tomcat-embed-core-9.0.68.jar:9.0.68]
	at org.apache.tomcat.util.threads.ThreadPoolExecutor$Worker.run(ThreadPoolExecutor.java:659) ~[tomcat-embed-core-9.0.68.jar:9.0.68]
	at org.apache.tomcat.util.threads.TaskThread$WrappingRunnable.run(TaskThread.java:61) ~[tomcat-embed-core-9.0.68.jar:9.0.68]
	at java.base/java.lang.Thread.run(Thread.java:833) ~[na:na]

2023-06-18 12:21:05.799 ERROR 35368 --- [http-nio-8080-exec-3] org.thymeleaf.TemplateEngine             : [THYMELEAF][http-nio-8080-exec-3] Exception processing template "MainPAgePeriod": Error resolving template [MainPAgePeriod], template might not exist or might not be accessible by any of the configured Template Resolvers

org.thymeleaf.exceptions.TemplateInputException: Error resolving template [MainPAgePeriod], template might not exist or might not be accessible by any of the configured Template Resolvers
	at org.thymeleaf.engine.TemplateManager.resolveTemplate(TemplateManager.java:869) ~[thymeleaf-3.0.15.RELEASE.jar:3.0.15.RELEASE]
	at org.thymeleaf.engine.TemplateManager.parseAndProcess(TemplateManager.java:607) ~[thymeleaf-3.0.15.RELEASE.jar:3.0.15.RELEASE]
	at org.thymeleaf.TemplateEngine.process(TemplateEngine.java:1098) ~[thymeleaf-3.0.15.RELEASE.jar:3.0.15.RELEASE]
	at org.thymeleaf.TemplateEngine.process(TemplateEngine.java:1072) ~[thymeleaf-3.0.15.RELEASE.jar:3.0.15.RELEASE]
	at org.thymeleaf.spring5.view.ThymeleafView.renderFragment(ThymeleafView.java:366) ~[thymeleaf-spring5-3.0.15.RELEASE.jar:3.0.15.RELEASE]
	at org.thymeleaf.spring5.view.ThymeleafView.render(ThymeleafView.java:190) ~[thymeleaf-spring5-3.0.15.RELEASE.jar:3.0.15.RELEASE]
	at org.springframework.web.servlet.DispatcherServlet.render(DispatcherServlet.java:1405) ~[spring-webmvc-5.3.23.jar:5.3.23]
	at org.springframework.web.servlet.DispatcherServlet.processDispatchResult(DispatcherServlet.java:1149) ~[spring-webmvc-5.3.23.jar:5.3.23]
	at org.springframework.web.servlet.DispatcherServlet.doDispatch(DispatcherServlet.java:1088) ~[spring-webmvc-5.3.23.jar:5.3.23]
	at org.springframework.web.servlet.DispatcherServlet.doService(DispatcherServlet.java:964) ~[spring-webmvc-5.3.23.jar:5.3.23]
	at org.springframework.web.servlet.FrameworkServlet.processRequest(FrameworkServlet.java:1006) ~[spring-webmvc-5.3.23.jar:5.3.23]
	at org.springframework.web.servlet.FrameworkServlet.doGet(FrameworkServlet.java:898) ~[spring-webmvc-5.3.23.jar:5.3.23]
	at javax.servlet.http.HttpServlet.service(HttpServlet.java:670) ~[tomcat-embed-core-9.0.68.jar:4.0.FR]
	at org.springframework.web.servlet.FrameworkServlet.service(FrameworkServlet.java:883) ~[spring-webmvc-5.3.23.jar:5.3.23]
	at javax.servlet.http.HttpServlet.service(HttpServlet.java:779) ~[tomcat-embed-core-9.0.68.jar:4.0.FR]
	at org.apache.catalina.core.ApplicationFilterChain.internalDoFilter(ApplicationFilterChain.java:227) ~[tomcat-embed-core-9.0.68.jar:9.0.68]
	at org.apache.catalina.core.ApplicationFilterChain.doFilter(ApplicationFilterChain.java:162) ~[tomcat-embed-core-9.0.68.jar:9.0.68]
	at org.apache.tomcat.websocket.server.WsFilter.doFilter(WsFilter.java:53) ~[tomcat-embed-websocket-9.0.68.jar:9.0.68]
	at org.apache.catalina.core.ApplicationFilterChain.internalDoFilter(ApplicationFilterChain.java:189) ~[tomcat-embed-core-9.0.68.jar:9.0.68]
	at org.apache.catalina.core.ApplicationFilterChain.doFilter(ApplicationFilterChain.java:162) ~[tomcat-embed-core-9.0.68.jar:9.0.68]
	at org.springframework.web.servlet.resource.ResourceUrlEncodingFilter.doFilter(ResourceUrlEncodingFilter.java:67) ~[spring-webmvc-5.3.23.jar:5.3.23]
	at org.apache.catalina.core.ApplicationFilterChain.internalDoFilter(ApplicationFilterChain.java:189) ~[tomcat-embed-core-9.0.68.jar:9.0.68]
	at org.apache.catalina.core.ApplicationFilterChain.doFilter(ApplicationFilterChain.java:162) ~[tomcat-embed-core-9.0.68.jar:9.0.68]
	at org.springframework.web.filter.CharacterEncodingFilter.doFilterInternal(CharacterEncodingFilter.java:201) ~[spring-web-5.3.23.jar:5.3.23]
	at org.springframework.web.filter.OncePerRequestFilter.doFilter(OncePerRequestFilter.java:117) ~[spring-web-5.3.23.jar:5.3.23]
	at org.apache.catalina.core.ApplicationFilterChain.internalDoFilter(ApplicationFilterChain.java:189) ~[tomcat-embed-core-9.0.68.jar:9.0.68]
	at org.apache.catalina.core.ApplicationFilterChain.doFilter(ApplicationFilterChain.java:162) ~[tomcat-embed-core-9.0.68.jar:9.0.68]
	at org.apache.catalina.core.StandardWrapperValve.invoke(StandardWrapperValve.java:197) ~[tomcat-embed-core-9.0.68.jar:9.0.68]
	at org.apache.catalina.core.StandardContextValve.invoke(StandardContextValve.java:97) ~[tomcat-embed-core-9.0.68.jar:9.0.68]
	at org.apache.catalina.authenticator.AuthenticatorBase.invoke(AuthenticatorBase.java:541) ~[tomcat-embed-core-9.0.68.jar:9.0.68]
	at org.apache.catalina.core.StandardHostValve.invoke(StandardHostValve.java:135) ~[tomcat-embed-core-9.0.68.jar:9.0.68]
	at org.apache.catalina.valves.ErrorReportValve.invoke(ErrorReportValve.java:92) ~[tomcat-embed-core-9.0.68.jar:9.0.68]
	at org.apache.catalina.core.StandardEngineValve.invoke(StandardEngineValve.java:78) ~[tomcat-embed-core-9.0.68.jar:9.0.68]
	at org.apache.catalina.connector.CoyoteAdapter.service(CoyoteAdapter.java:360) ~[tomcat-embed-core-9.0.68.jar:9.0.68]
	at org.apache.coyote.http11.Http11Processor.service(Http11Processor.java:399) ~[tomcat-embed-core-9.0.68.jar:9.0.68]
	at org.apache.coyote.AbstractProcessorLight.process(AbstractProcessorLight.java:65) ~[tomcat-embed-core-9.0.68.jar:9.0.68]
	at org.apache.coyote.AbstractProtocol$ConnectionHandler.process(AbstractProtocol.java:893) ~[tomcat-embed-core-9.0.68.jar:9.0.68]
	at org.apache.tomcat.util.net.NioEndpoint$SocketProcessor.doRun(NioEndpoint.java:1789) ~[tomcat-embed-core-9.0.68.jar:9.0.68]
	at org.apache.tomcat.util.net.SocketProcessorBase.run(SocketProcessorBase.java:49) ~[tomcat-embed-core-9.0.68.jar:9.0.68]
	at org.apache.tomcat.util.threads.ThreadPoolExecutor.runWorker(ThreadPoolExecutor.java:1191) ~[tomcat-embed-core-9.0.68.jar:9.0.68]
	at org.apache.tomcat.util.threads.ThreadPoolExecutor$Worker.run(ThreadPoolExecutor.java:659) ~[tomcat-embed-core-9.0.68.jar:9.0.68]
	at org.apache.tomcat.util.threads.TaskThread$WrappingRunnable.run(TaskThread.java:61) ~[tomcat-embed-core-9.0.68.jar:9.0.68]
	at java.base/java.lang.Thread.run(Thread.java:833) ~[na:na]

2023-06-18 12:21:05.802 ERROR 35368 --- [http-nio-8080-exec-3] o.a.c.c.C.[.[.[/].[dispatcherServlet]    : Servlet.service() for servlet [dispatcherServlet] in context with path [] threw exception [Request processing failed; nested exception is org.thymeleaf.exceptions.TemplateInputException: Error resolving template [MainPAgePeriod], template might not exist or might not be accessible by any of the configured Template Resolvers] with root cause

org.thymeleaf.exceptions.TemplateInputException: Error resolving template [MainPAgePeriod], template might not exist or might not be accessible by any of the configured Template Resolvers
	at org.thymeleaf.engine.TemplateManager.resolveTemplate(TemplateManager.java:869) ~[thymeleaf-3.0.15.RELEASE.jar:3.0.15.RELEASE]
	at org.thymeleaf.engine.TemplateManager.parseAndProcess(TemplateManager.java:607) ~[thymeleaf-3.0.15.RELEASE.jar:3.0.15.RELEASE]
	at org.thymeleaf.TemplateEngine.process(TemplateEngine.java:1098) ~[thymeleaf-3.0.15.RELEASE.jar:3.0.15.RELEASE]
	at org.thymeleaf.TemplateEngine.process(TemplateEngine.java:1072) ~[thymeleaf-3.0.15.RELEASE.jar:3.0.15.RELEASE]
	at org.thymeleaf.spring5.view.ThymeleafView.renderFragment(ThymeleafView.java:366) ~[thymeleaf-spring5-3.0.15.RELEASE.jar:3.0.15.RELEASE]
	at org.thymeleaf.spring5.view.ThymeleafView.render(ThymeleafView.java:190) ~[thymeleaf-spring5-3.0.15.RELEASE.jar:3.0.15.RELEASE]
	at org.springframework.web.servlet.DispatcherServlet.render(DispatcherServlet.java:1405) ~[spring-webmvc-5.3.23.jar:5.3.23]
	at org.springframework.web.servlet.DispatcherServlet.processDispatchResult(DispatcherServlet.java:1149) ~[spring-webmvc-5.3.23.jar:5.3.23]
	at org.springframework.web.servlet.DispatcherServlet.doDispatch(DispatcherServlet.java:1088) ~[spring-webmvc-5.3.23.jar:5.3.23]
	at org.springframework.web.servlet.DispatcherServlet.doService(DispatcherServlet.java:964) ~[spring-webmvc-5.3.23.jar:5.3.23]
	at org.springframework.web.servlet.FrameworkServlet.processRequest(FrameworkServlet.java:1006) ~[spring-webmvc-5.3.23.jar:5.3.23]
	at org.springframework.web.servlet.FrameworkServlet.doGet(FrameworkServlet.java:898) ~[spring-webmvc-5.3.23.jar:5.3.23]
	at javax.servlet.http.HttpServlet.service(HttpServlet.java:670) ~[tomcat-embed-core-9.0.68.jar:4.0.FR]
	at org.springframework.web.servlet.FrameworkServlet.service(FrameworkServlet.java:883) ~[spring-webmvc-5.3.23.jar:5.3.23]
	at javax.servlet.http.HttpServlet.service(HttpServlet.java:779) ~[tomcat-embed-core-9.0.68.jar:4.0.FR]
	at org.apache.catalina.core.ApplicationFilterChain.internalDoFilter(ApplicationFilterChain.java:227) ~[tomcat-embed-core-9.0.68.jar:9.0.68]
	at org.apache.catalina.core.ApplicationFilterChain.doFilter(ApplicationFilterChain.java:162) ~[tomcat-embed-core-9.0.68.jar:9.0.68]
	at org.apache.tomcat.websocket.server.WsFilter.doFilter(WsFilter.java:53) ~[tomcat-embed-websocket-9.0.68.jar:9.0.68]
	at org.apache.catalina.core.ApplicationFilterChain.internalDoFilter(ApplicationFilterChain.java:189) ~[tomcat-embed-core-9.0.68.jar:9.0.68]
	at org.apache.catalina.core.ApplicationFilterChain.doFilter(ApplicationFilterChain.java:162) ~[tomcat-embed-core-9.0.68.jar:9.0.68]
	at org.springframework.web.servlet.resource.ResourceUrlEncodingFilter.doFilter(ResourceUrlEncodingFilter.java:67) ~[spring-webmvc-5.3.23.jar:5.3.23]
	at org.apache.catalina.core.ApplicationFilterChain.internalDoFilter(ApplicationFilterChain.java:189) ~[tomcat-embed-core-9.0.68.jar:9.0.68]
	at org.apache.catalina.core.ApplicationFilterChain.doFilter(ApplicationFilterChain.java:162) ~[tomcat-embed-core-9.0.68.jar:9.0.68]
	at org.springframework.web.filter.CharacterEncodingFilter.doFilterInternal(CharacterEncodingFilter.java:201) ~[spring-web-5.3.23.jar:5.3.23]
	at org.springframework.web.filter.OncePerRequestFilter.doFilter(OncePerRequestFilter.java:117) ~[spring-web-5.3.23.jar:5.3.23]
	at org.apache.catalina.core.ApplicationFilterChain.internalDoFilter(ApplicationFilterChain.java:189) ~[tomcat-embed-core-9.0.68.jar:9.0.68]
	at org.apache.catalina.core.ApplicationFilterChain.doFilter(ApplicationFilterChain.java:162) ~[tomcat-embed-core-9.0.68.jar:9.0.68]
	at org.apache.catalina.core.StandardWrapperValve.invoke(StandardWrapperValve.java:197) ~[tomcat-embed-core-9.0.68.jar:9.0.68]
	at org.apache.catalina.core.StandardContextValve.invoke(StandardContextValve.java:97) ~[tomcat-embed-core-9.0.68.jar:9.0.68]
	at org.apache.catalina.authenticator.AuthenticatorBase.invoke(AuthenticatorBase.java:541) ~[tomcat-embed-core-9.0.68.jar:9.0.68]
	at org.apache.catalina.core.StandardHostValve.invoke(StandardHostValve.java:135) ~[tomcat-embed-core-9.0.68.jar:9.0.68]
	at org.apache.catalina.valves.ErrorReportValve.invoke(ErrorReportValve.java:92) ~[tomcat-embed-core-9.0.68.jar:9.0.68]
	at org.apache.catalina.core.StandardEngineValve.invoke(StandardEngineValve.java:78) ~[tomcat-embed-core-9.0.68.jar:9.0.68]
	at org.apache.catalina.connector.CoyoteAdapter.service(CoyoteAdapter.java:360) ~[tomcat-embed-core-9.0.68.jar:9.0.68]
	at org.apache.coyote.http11.Http11Processor.service(Http11Processor.java:399) ~[tomcat-embed-core-9.0.68.jar:9.0.68]
	at org.apache.coyote.AbstractProcessorLight.process(AbstractProcessorLight.java:65) ~[tomcat-embed-core-9.0.68.jar:9.0.68]
	at org.apache.coyote.AbstractProtocol$ConnectionHandler.process(AbstractProtocol.java:893) ~[tomcat-embed-core-9.0.68.jar:9.0.68]
	at org.apache.tomcat.util.net.NioEndpoint$SocketProcessor.doRun(NioEndpoint.java:1789) ~[tomcat-embed-core-9.0.68.jar:9.0.68]
	at org.apache.tomcat.util.net.SocketProcessorBase.run(SocketProcessorBase.java:49) ~[tomcat-embed-core-9.0.68.jar:9.0.68]
	at org.apache.tomcat.util.threads.ThreadPoolExecutor.runWorker(ThreadPoolExecutor.java:1191) ~[tomcat-embed-core-9.0.68.jar:9.0.68]
	at org.apache.tomcat.util.threads.ThreadPoolExecutor$Worker.run(ThreadPoolExecutor.java:659) ~[tomcat-embed-core-9.0.68.jar:9.0.68]
	at org.apache.tomcat.util.threads.TaskThread$WrappingRunnable.run(TaskThread.java:61) ~[tomcat-embed-core-9.0.68.jar:9.0.68]
	at java.base/java.lang.Thread.run(Thread.java:833) ~[na:na]

2023-06-18 12:22:13.838  INFO 35368 --- [SpringApplicationShutdownHook] j.LocalContainerEntityManagerFactoryBean : Closing JPA EntityManagerFactory for persistence unit 'default'
2023-06-18 12:22:13.839  INFO 35368 --- [SpringApplicationShutdownHook] com.zaxxer.hikari.HikariDataSource       : HikariPool-1 - Shutdown initiated...
2023-06-18 12:22:13.843  INFO 35368 --- [SpringApplicationShutdownHook] com.zaxxer.hikari.HikariDataSource       : HikariPool-1 - Shutdown completed.
2023-06-18 12:22:21.214  INFO 17088 --- [main] com.example.demo.DemoApplication         : Starting DemoApplication using Java 17.0.4 on LAPTOP-C97C4J73 with PID 17088 (D:\Ну пускай эта папка будет для учебы\Java\BelBank\asb-main\demo\target\classes started by Xiaomi in D:\Ну пускай эта папка будет для учебы\Java\BelBank\asb-main\demo)
2023-06-18 12:22:21.216  INFO 17088 --- [main] com.example.demo.DemoApplication         : No active profile set, falling back to 1 default profile: "default"
2023-06-18 12:22:21.804  INFO 17088 --- [main] .s.d.r.c.RepositoryConfigurationDelegate : Bootstrapping Spring Data JPA repositories in DEFAULT mode.
2023-06-18 12:22:21.850  INFO 17088 --- [main] .s.d.r.c.RepositoryConfigurationDelegate : Finished Spring Data repository scanning in 39 ms. Found 2 JPA repository interfaces.
2023-06-18 12:22:22.651  INFO 17088 --- [main] o.s.b.w.embedded.tomcat.TomcatWebServer  : Tomcat initialized with port(s): 8080 (http)
2023-06-18 12:22:22.674  INFO 17088 --- [main] o.apache.catalina.core.StandardService   : Starting service [Tomcat]
2023-06-18 12:22:22.675  INFO 17088 --- [main] org.apache.catalina.core.StandardEngine  : Starting Servlet engine: [Apache Tomcat/9.0.68]
2023-06-18 12:22:22.796  INFO 17088 --- [main] o.a.c.c.C.[Tomcat].[localhost].[/]       : Initializing Spring embedded WebApplicationContext
2023-06-18 12:22:22.797  INFO 17088 --- [main] w.s.c.ServletWebServerApplicationContext : Root WebApplicationContext: initialization completed in 1532 ms
2023-06-18 12:22:23.086  INFO 17088 --- [main] o.f.c.internal.license.VersionPrinter    : Flyway Community Edition 8.5.13 by Redgate
2023-06-18 12:22:23.087  INFO 17088 --- [main] o.f.c.internal.license.VersionPrinter    : See what's new here: https://flywaydb.org/documentation/learnmore/releaseNotes#8.5.13
2023-06-18 12:22:23.087  INFO 17088 --- [main] o.f.c.internal.license.VersionPrinter    : 
2023-06-18 12:22:23.093  INFO 17088 --- [main] com.zaxxer.hikari.HikariDataSource       : HikariPool-1 - Starting...
2023-06-18 12:22:23.652  INFO 17088 --- [main] com.zaxxer.hikari.HikariDataSource       : HikariPool-1 - Start completed.
2023-06-18 12:22:23.730  INFO 17088 --- [main] o.f.c.i.database.base.BaseDatabaseType   : Database: jdbc:mysql://localhost:3306/andrei (MySQL 8.0)
2023-06-18 12:22:23.802  INFO 17088 --- [main] o.f.core.internal.command.DbValidate     : Successfully validated 4 migrations (execution time 00:00.027s)
2023-06-18 12:22:23.813  INFO 17088 --- [main] o.f.core.internal.command.DbMigrate      : Current version of schema `andrei`: 00004
2023-06-18 12:22:23.814  INFO 17088 --- [main] o.f.core.internal.command.DbMigrate      : Schema `andrei` is up to date. No migration necessary.
2023-06-18 12:22:23.915  INFO 17088 --- [main] o.hibernate.jpa.internal.util.LogHelper  : HHH000204: Processing PersistenceUnitInfo [name: default]
2023-06-18 12:22:23.950  INFO 17088 --- [main] org.hibernate.Version                    : HHH000412: Hibernate ORM core version 5.6.12.Final
2023-06-18 12:22:24.175  INFO 17088 --- [main] o.hibernate.annotations.common.Version   : HCANN000001: Hibernate Commons Annotations {5.1.2.Final}
2023-06-18 12:22:24.386  INFO 17088 --- [main] org.hibernate.dialect.Dialect            : HHH000400: Using dialect: org.hibernate.dialect.MySQL8Dialect
2023-06-18 12:22:25.270  INFO 17088 --- [main] o.h.e.t.j.p.i.JtaPlatformInitiator       : HHH000490: Using JtaPlatform implementation: [org.hibernate.engine.transaction.jta.platform.internal.NoJtaPlatform]
2023-06-18 12:22:25.282  INFO 17088 --- [main] j.LocalContainerEntityManagerFactoryBean : Initialized JPA EntityManagerFactory for persistence unit 'default'
2023-06-18 12:22:25.844  WARN 17088 --- [main] JpaBaseConfiguration$JpaWebConfiguration : spring.jpa.open-in-view is enabled by default. Therefore, database queries may be performed during view rendering. Explicitly configure spring.jpa.open-in-view to disable this warning
2023-06-18 12:22:26.512  INFO 17088 --- [main] o.s.b.w.embedded.tomcat.TomcatWebServer  : Tomcat started on port(s): 8080 (http) with context path ''
2023-06-18 12:22:26.542  INFO 17088 --- [main] com.example.demo.DemoApplication         : Started DemoApplication in 5.657 seconds (JVM running for 6.141)
2023-06-18 12:22:26.969  INFO 17088 --- [scheduling-1] Schedule Logger                          : Monthly Rates get from url 
2023-06-18 12:22:26.969  INFO 17088 --- [scheduling-1] Schedule Logger                          : Monthly Rates add into database 
2023-06-18 12:22:27.019  INFO 17088 --- [scheduling-1] Schedule Logger                          : Daily Rates get from url
2023-06-18 12:22:27.019  INFO 17088 --- [scheduling-1] Schedule Logger                          : Daily Rates add into database 
2023-06-18 12:23:05.571  INFO 17088 --- [http-nio-8080-exec-1] o.a.c.c.C.[Tomcat].[localhost].[/]       : Initializing Spring DispatcherServlet 'dispatcherServlet'
2023-06-18 12:23:05.571  INFO 17088 --- [http-nio-8080-exec-1] o.s.web.servlet.DispatcherServlet        : Initializing Servlet 'dispatcherServlet'
2023-06-18 12:23:05.573  INFO 17088 --- [http-nio-8080-exec-1] o.s.web.servlet.DispatcherServlet        : Completed initialization in 2 ms
2023-06-18 12:23:05.619  WARN 17088 --- [http-nio-8080-exec-1] o.s.web.servlet.PageNotFound             : No mapping for GET /v3/
2023-06-18 12:27:51.097  INFO 17088 --- [http-nio-8080-exec-3] o.springdoc.api.AbstractOpenApiResource  : Init duration for springdoc-openapi is: 143 ms
2023-06-18 12:28:13.124  INFO 17088 --- [SpringApplicationShutdownHook] j.LocalContainerEntityManagerFactoryBean : Closing JPA EntityManagerFactory for persistence unit 'default'
2023-06-18 12:28:13.125  INFO 17088 --- [SpringApplicationShutdownHook] com.zaxxer.hikari.HikariDataSource       : HikariPool-1 - Shutdown initiated...
2023-06-18 12:28:13.131  INFO 17088 --- [SpringApplicationShutdownHook] com.zaxxer.hikari.HikariDataSource       : HikariPool-1 - Shutdown completed.
2023-06-18 12:28:20.509  INFO 30920 --- [main] com.example.demo.DemoApplication         : Starting DemoApplication using Java 17.0.4 on LAPTOP-C97C4J73 with PID 30920 (D:\Ну пускай эта папка будет для учебы\Java\BelBank\asb-main\demo\target\classes started by Xiaomi in D:\Ну пускай эта папка будет для учебы\Java\BelBank\asb-main\demo)
2023-06-18 12:28:20.511  INFO 30920 --- [main] com.example.demo.DemoApplication         : No active profile set, falling back to 1 default profile: "default"
2023-06-18 12:28:21.232  INFO 30920 --- [main] .s.d.r.c.RepositoryConfigurationDelegate : Bootstrapping Spring Data JPA repositories in DEFAULT mode.
2023-06-18 12:28:21.286  INFO 30920 --- [main] .s.d.r.c.RepositoryConfigurationDelegate : Finished Spring Data repository scanning in 39 ms. Found 2 JPA repository interfaces.
2023-06-18 12:28:22.264  INFO 30920 --- [main] o.s.b.w.embedded.tomcat.TomcatWebServer  : Tomcat initialized with port(s): 8080 (http)
2023-06-18 12:28:22.271  INFO 30920 --- [main] o.apache.catalina.core.StandardService   : Starting service [Tomcat]
2023-06-18 12:28:22.272  INFO 30920 --- [main] org.apache.catalina.core.StandardEngine  : Starting Servlet engine: [Apache Tomcat/9.0.68]
2023-06-18 12:28:22.438  INFO 30920 --- [main] o.a.c.c.C.[Tomcat].[localhost].[/]       : Initializing Spring embedded WebApplicationContext
2023-06-18 12:28:22.438  INFO 30920 --- [main] w.s.c.ServletWebServerApplicationContext : Root WebApplicationContext: initialization completed in 1880 ms
2023-06-18 12:28:22.696  INFO 30920 --- [main] o.f.c.internal.license.VersionPrinter    : Flyway Community Edition 8.5.13 by Redgate
2023-06-18 12:28:22.697  INFO 30920 --- [main] o.f.c.internal.license.VersionPrinter    : See what's new here: https://flywaydb.org/documentation/learnmore/releaseNotes#8.5.13
2023-06-18 12:28:22.697  INFO 30920 --- [main] o.f.c.internal.license.VersionPrinter    : 
2023-06-18 12:28:22.705  INFO 30920 --- [main] com.zaxxer.hikari.HikariDataSource       : HikariPool-1 - Starting...
2023-06-18 12:28:23.237  INFO 30920 --- [main] com.zaxxer.hikari.HikariDataSource       : HikariPool-1 - Start completed.
2023-06-18 12:28:23.304  INFO 30920 --- [main] o.f.c.i.database.base.BaseDatabaseType   : Database: jdbc:mysql://localhost:3306/andrei (MySQL 8.0)
2023-06-18 12:28:23.394  INFO 30920 --- [main] o.f.core.internal.command.DbValidate     : Successfully validated 4 migrations (execution time 00:00.041s)
2023-06-18 12:28:23.406  INFO 30920 --- [main] o.f.core.internal.command.DbMigrate      : Current version of schema `andrei`: 00004
2023-06-18 12:28:23.407  INFO 30920 --- [main] o.f.core.internal.command.DbMigrate      : Schema `andrei` is up to date. No migration necessary.
2023-06-18 12:28:23.513  INFO 30920 --- [main] o.hibernate.jpa.internal.util.LogHelper  : HHH000204: Processing PersistenceUnitInfo [name: default]
2023-06-18 12:28:23.550  INFO 30920 --- [main] org.hibernate.Version                    : HHH000412: Hibernate ORM core version 5.6.12.Final
2023-06-18 12:28:23.817  INFO 30920 --- [main] o.hibernate.annotations.common.Version   : HCANN000001: Hibernate Commons Annotations {5.1.2.Final}
2023-06-18 12:28:23.947  INFO 30920 --- [main] org.hibernate.dialect.Dialect            : HHH000400: Using dialect: org.hibernate.dialect.MySQL8Dialect
2023-06-18 12:28:24.805  INFO 30920 --- [main] o.h.e.t.j.p.i.JtaPlatformInitiator       : HHH000490: Using JtaPlatform implementation: [org.hibernate.engine.transaction.jta.platform.internal.NoJtaPlatform]
2023-06-18 12:28:24.828  INFO 30920 --- [main] j.LocalContainerEntityManagerFactoryBean : Initialized JPA EntityManagerFactory for persistence unit 'default'
2023-06-18 12:28:25.660  WARN 30920 --- [main] JpaBaseConfiguration$JpaWebConfiguration : spring.jpa.open-in-view is enabled by default. Therefore, database queries may be performed during view rendering. Explicitly configure spring.jpa.open-in-view to disable this warning
2023-06-18 12:28:26.415  INFO 30920 --- [main] o.s.b.w.embedded.tomcat.TomcatWebServer  : Tomcat started on port(s): 8080 (http) with context path ''
2023-06-18 12:28:26.425  INFO 30920 --- [main] com.example.demo.DemoApplication         : Started DemoApplication in 6.278 seconds (JVM running for 6.781)
2023-06-18 12:28:26.815  INFO 30920 --- [scheduling-1] Schedule Logger                          : Monthly Rates get from url 
2023-06-18 12:28:26.815  INFO 30920 --- [scheduling-1] Schedule Logger                          : Monthly Rates add into database 
2023-06-18 12:28:26.827  INFO 30920 --- [scheduling-1] Schedule Logger                          : Daily Rates get from url
2023-06-18 12:28:26.827  INFO 30920 --- [scheduling-1] Schedule Logger                          : Daily Rates add into database 
2023-06-18 12:28:31.019  INFO 30920 --- [http-nio-8080-exec-1] o.a.c.c.C.[Tomcat].[localhost].[/]       : Initializing Spring DispatcherServlet 'dispatcherServlet'
2023-06-18 12:28:31.019  INFO 30920 --- [http-nio-8080-exec-1] o.s.web.servlet.DispatcherServlet        : Initializing Servlet 'dispatcherServlet'
2023-06-18 12:28:31.020  INFO 30920 --- [http-nio-8080-exec-1] o.s.web.servlet.DispatcherServlet        : Completed initialization in 0 ms
2023-06-18 12:28:31.584  INFO 30920 --- [http-nio-8080-exec-4] o.springdoc.api.AbstractOpenApiResource  : Init duration for springdoc-openapi is: 154 ms
2023-06-18 12:29:04.222  INFO 30920 --- [SpringApplicationShutdownHook] j.LocalContainerEntityManagerFactoryBean : Closing JPA EntityManagerFactory for persistence unit 'default'
2023-06-18 12:29:04.224  INFO 30920 --- [SpringApplicationShutdownHook] com.zaxxer.hikari.HikariDataSource       : HikariPool-1 - Shutdown initiated...
2023-06-18 12:29:04.232  INFO 30920 --- [SpringApplicationShutdownHook] com.zaxxer.hikari.HikariDataSource       : HikariPool-1 - Shutdown completed.
2023-06-18 14:45:40.611  INFO 11112 --- [main] com.example.demo.DemoApplication         : Starting DemoApplication using Java 17.0.4 on LAPTOP-C97C4J73 with PID 11112 (D:\Ну пускай эта папка будет для учебы\Java\BelBank\asb-main\demo\target\classes started by Xiaomi in D:\Ну пускай эта папка будет для учебы\Java\BelBank\asb-main\demo)
2023-06-18 14:45:40.614  INFO 11112 --- [main] com.example.demo.DemoApplication         : No active profile set, falling back to 1 default profile: "default"
2023-06-18 14:45:41.275  INFO 11112 --- [main] .s.d.r.c.RepositoryConfigurationDelegate : Bootstrapping Spring Data JPA repositories in DEFAULT mode.
2023-06-18 14:45:41.366  INFO 11112 --- [main] .s.d.r.c.RepositoryConfigurationDelegate : Finished Spring Data repository scanning in 76 ms. Found 2 JPA repository interfaces.
2023-06-18 14:45:42.044  INFO 11112 --- [main] o.s.b.w.embedded.tomcat.TomcatWebServer  : Tomcat initialized with port(s): 8080 (http)
2023-06-18 14:45:42.053  INFO 11112 --- [main] o.apache.catalina.core.StandardService   : Starting service [Tomcat]
2023-06-18 14:45:42.053  INFO 11112 --- [main] org.apache.catalina.core.StandardEngine  : Starting Servlet engine: [Apache Tomcat/9.0.68]
2023-06-18 14:45:42.153  INFO 11112 --- [main] o.a.c.c.C.[Tomcat].[localhost].[/]       : Initializing Spring embedded WebApplicationContext
2023-06-18 14:45:42.153  INFO 11112 --- [main] w.s.c.ServletWebServerApplicationContext : Root WebApplicationContext: initialization completed in 1491 ms
2023-06-18 14:45:42.404  INFO 11112 --- [main] o.f.c.internal.license.VersionPrinter    : Flyway Community Edition 8.5.13 by Redgate
2023-06-18 14:45:42.405  INFO 11112 --- [main] o.f.c.internal.license.VersionPrinter    : See what's new here: https://flywaydb.org/documentation/learnmore/releaseNotes#8.5.13
2023-06-18 14:45:42.406  INFO 11112 --- [main] o.f.c.internal.license.VersionPrinter    : 
2023-06-18 14:45:42.422  INFO 11112 --- [main] com.zaxxer.hikari.HikariDataSource       : HikariPool-1 - Starting...
2023-06-18 14:45:42.906  INFO 11112 --- [main] com.zaxxer.hikari.HikariDataSource       : HikariPool-1 - Start completed.
2023-06-18 14:45:42.991  INFO 11112 --- [main] o.f.c.i.database.base.BaseDatabaseType   : Database: jdbc:mysql://localhost:3306/andrei (MySQL 8.0)
2023-06-18 14:45:43.077  INFO 11112 --- [main] o.f.core.internal.command.DbValidate     : Successfully validated 4 migrations (execution time 00:00.033s)
2023-06-18 14:45:43.089  INFO 11112 --- [main] o.f.core.internal.command.DbMigrate      : Current version of schema `andrei`: 00004
2023-06-18 14:45:43.089  INFO 11112 --- [main] o.f.core.internal.command.DbMigrate      : Schema `andrei` is up to date. No migration necessary.
2023-06-18 14:45:43.198  INFO 11112 --- [main] o.hibernate.jpa.internal.util.LogHelper  : HHH000204: Processing PersistenceUnitInfo [name: default]
2023-06-18 14:45:43.236  INFO 11112 --- [main] org.hibernate.Version                    : HHH000412: Hibernate ORM core version 5.6.12.Final
2023-06-18 14:45:43.396  INFO 11112 --- [main] o.hibernate.annotations.common.Version   : HCANN000001: Hibernate Commons Annotations {5.1.2.Final}
2023-06-18 14:45:43.540  INFO 11112 --- [main] org.hibernate.dialect.Dialect            : HHH000400: Using dialect: org.hibernate.dialect.MySQL8Dialect
2023-06-18 14:45:44.106  INFO 11112 --- [main] o.h.e.t.j.p.i.JtaPlatformInitiator       : HHH000490: Using JtaPlatform implementation: [org.hibernate.engine.transaction.jta.platform.internal.NoJtaPlatform]
2023-06-18 14:45:44.113  INFO 11112 --- [main] j.LocalContainerEntityManagerFactoryBean : Initialized JPA EntityManagerFactory for persistence unit 'default'
2023-06-18 14:45:44.614  WARN 11112 --- [main] JpaBaseConfiguration$JpaWebConfiguration : spring.jpa.open-in-view is enabled by default. Therefore, database queries may be performed during view rendering. Explicitly configure spring.jpa.open-in-view to disable this warning
2023-06-18 14:45:45.173  INFO 11112 --- [main] o.s.b.w.embedded.tomcat.TomcatWebServer  : Tomcat started on port(s): 8080 (http) with context path ''
2023-06-18 14:45:45.186  INFO 11112 --- [main] com.example.demo.DemoApplication         : Started DemoApplication in 4.925 seconds (JVM running for 5.437)
2023-06-18 14:45:45.652  INFO 11112 --- [scheduling-1] Schedule Logger                          : Monthly Rates get from url 
2023-06-18 14:45:45.652  INFO 11112 --- [scheduling-1] Schedule Logger                          : Monthly Rates add into database 
2023-06-18 14:45:45.665  INFO 11112 --- [scheduling-1] Schedule Logger                          : Daily Rates get from url
2023-06-18 14:45:45.665  INFO 11112 --- [scheduling-1] Schedule Logger                          : Daily Rates add into database 
2023-06-18 14:45:50.014  INFO 11112 --- [http-nio-8080-exec-1] o.a.c.c.C.[Tomcat].[localhost].[/]       : Initializing Spring DispatcherServlet 'dispatcherServlet'
2023-06-18 14:45:50.014  INFO 11112 --- [http-nio-8080-exec-1] o.s.web.servlet.DispatcherServlet        : Initializing Servlet 'dispatcherServlet'
2023-06-18 14:45:50.015  INFO 11112 --- [http-nio-8080-exec-1] o.s.web.servlet.DispatcherServlet        : Completed initialization in 1 ms
2023-06-18 14:45:50.953  INFO 11112 --- [http-nio-8080-exec-10] o.springdoc.api.AbstractOpenApiResource  : Init duration for springdoc-openapi is: 141 ms
2023-06-18 14:51:30.652  INFO 11112 --- [SpringApplicationShutdownHook] j.LocalContainerEntityManagerFactoryBean : Closing JPA EntityManagerFactory for persistence unit 'default'
2023-06-18 14:51:30.654  INFO 11112 --- [SpringApplicationShutdownHook] com.zaxxer.hikari.HikariDataSource       : HikariPool-1 - Shutdown initiated...
2023-06-18 14:51:30.661  INFO 11112 --- [SpringApplicationShutdownHook] com.zaxxer.hikari.HikariDataSource       : HikariPool-1 - Shutdown completed.
2023-06-18 14:51:38.121  INFO 18312 --- [main] com.example.demo.DemoApplication         : Starting DemoApplication using Java 17.0.4 on LAPTOP-C97C4J73 with PID 18312 (D:\Ну пускай эта папка будет для учебы\Java\BelBank\asb-main\demo\target\classes started by Xiaomi in D:\Ну пускай эта папка будет для учебы\Java\BelBank\asb-main\demo)
2023-06-18 14:51:38.124  INFO 18312 --- [main] com.example.demo.DemoApplication         : No active profile set, falling back to 1 default profile: "default"
2023-06-18 14:51:38.745  INFO 18312 --- [main] .s.d.r.c.RepositoryConfigurationDelegate : Bootstrapping Spring Data JPA repositories in DEFAULT mode.
2023-06-18 14:51:38.849  INFO 18312 --- [main] .s.d.r.c.RepositoryConfigurationDelegate : Finished Spring Data repository scanning in 84 ms. Found 2 JPA repository interfaces.
2023-06-18 14:51:39.533  INFO 18312 --- [main] o.s.b.w.embedded.tomcat.TomcatWebServer  : Tomcat initialized with port(s): 8080 (http)
2023-06-18 14:51:39.554  INFO 18312 --- [main] o.apache.catalina.core.StandardService   : Starting service [Tomcat]
2023-06-18 14:51:39.556  INFO 18312 --- [main] org.apache.catalina.core.StandardEngine  : Starting Servlet engine: [Apache Tomcat/9.0.68]
2023-06-18 14:51:39.675  INFO 18312 --- [main] o.a.c.c.C.[Tomcat].[localhost].[/]       : Initializing Spring embedded WebApplicationContext
2023-06-18 14:51:39.676  INFO 18312 --- [main] w.s.c.ServletWebServerApplicationContext : Root WebApplicationContext: initialization completed in 1500 ms
2023-06-18 14:51:39.956  INFO 18312 --- [main] o.f.c.internal.license.VersionPrinter    : Flyway Community Edition 8.5.13 by Redgate
2023-06-18 14:51:39.957  INFO 18312 --- [main] o.f.c.internal.license.VersionPrinter    : See what's new here: https://flywaydb.org/documentation/learnmore/releaseNotes#8.5.13
2023-06-18 14:51:39.957  INFO 18312 --- [main] o.f.c.internal.license.VersionPrinter    : 
2023-06-18 14:51:39.983  INFO 18312 --- [main] com.zaxxer.hikari.HikariDataSource       : HikariPool-1 - Starting...
2023-06-18 14:51:40.430  INFO 18312 --- [main] com.zaxxer.hikari.HikariDataSource       : HikariPool-1 - Start completed.
2023-06-18 14:51:40.500  INFO 18312 --- [main] o.f.c.i.database.base.BaseDatabaseType   : Database: jdbc:mysql://localhost:3306/andrei (MySQL 8.0)
2023-06-18 14:51:40.641  INFO 18312 --- [main] o.f.core.internal.command.DbValidate     : Successfully validated 4 migrations (execution time 00:00.047s)
2023-06-18 14:51:40.666  INFO 18312 --- [main] o.f.core.internal.command.DbMigrate      : Current version of schema `andrei`: 00004
2023-06-18 14:51:40.667  INFO 18312 --- [main] o.f.core.internal.command.DbMigrate      : Schema `andrei` is up to date. No migration necessary.
2023-06-18 14:51:40.880  INFO 18312 --- [main] o.hibernate.jpa.internal.util.LogHelper  : HHH000204: Processing PersistenceUnitInfo [name: default]
2023-06-18 14:51:40.987  INFO 18312 --- [main] org.hibernate.Version                    : HHH000412: Hibernate ORM core version 5.6.12.Final
2023-06-18 14:51:41.356  INFO 18312 --- [main] o.hibernate.annotations.common.Version   : HCANN000001: Hibernate Commons Annotations {5.1.2.Final}
2023-06-18 14:51:41.674  INFO 18312 --- [main] org.hibernate.dialect.Dialect            : HHH000400: Using dialect: org.hibernate.dialect.MySQL8Dialect
2023-06-18 14:51:42.608  INFO 18312 --- [main] o.h.e.t.j.p.i.JtaPlatformInitiator       : HHH000490: Using JtaPlatform implementation: [org.hibernate.engine.transaction.jta.platform.internal.NoJtaPlatform]
2023-06-18 14:51:42.622  INFO 18312 --- [main] j.LocalContainerEntityManagerFactoryBean : Initialized JPA EntityManagerFactory for persistence unit 'default'
2023-06-18 14:51:43.615  WARN 18312 --- [main] JpaBaseConfiguration$JpaWebConfiguration : spring.jpa.open-in-view is enabled by default. Therefore, database queries may be performed during view rendering. Explicitly configure spring.jpa.open-in-view to disable this warning
2023-06-18 14:51:44.277  INFO 18312 --- [main] o.s.b.w.embedded.tomcat.TomcatWebServer  : Tomcat started on port(s): 8080 (http) with context path ''
2023-06-18 14:51:44.289  INFO 18312 --- [main] com.example.demo.DemoApplication         : Started DemoApplication in 6.526 seconds (JVM running for 7.157)
2023-06-18 14:51:44.711  INFO 18312 --- [scheduling-1] Schedule Logger                          : Monthly Rates get from url 
2023-06-18 14:51:44.711  INFO 18312 --- [scheduling-1] Schedule Logger                          : Monthly Rates add into database 
2023-06-18 14:51:44.731  INFO 18312 --- [scheduling-1] Schedule Logger                          : Daily Rates get from url
2023-06-18 14:51:44.731  INFO 18312 --- [scheduling-1] Schedule Logger                          : Daily Rates add into database 
2023-06-18 14:51:46.334  INFO 18312 --- [http-nio-8080-exec-1] o.a.c.c.C.[Tomcat].[localhost].[/]       : Initializing Spring DispatcherServlet 'dispatcherServlet'
2023-06-18 14:51:46.334  INFO 18312 --- [http-nio-8080-exec-1] o.s.web.servlet.DispatcherServlet        : Initializing Servlet 'dispatcherServlet'
2023-06-18 14:51:46.336  INFO 18312 --- [http-nio-8080-exec-1] o.s.web.servlet.DispatcherServlet        : Completed initialization in 2 ms
2023-06-18 14:51:47.268  INFO 18312 --- [http-nio-8080-exec-4] o.springdoc.api.AbstractOpenApiResource  : Init duration for springdoc-openapi is: 169 ms
2023-06-18 14:54:56.685  INFO 18312 --- [SpringApplicationShutdownHook] j.LocalContainerEntityManagerFactoryBean : Closing JPA EntityManagerFactory for persistence unit 'default'
2023-06-18 14:54:56.686  INFO 18312 --- [SpringApplicationShutdownHook] com.zaxxer.hikari.HikariDataSource       : HikariPool-1 - Shutdown initiated...
2023-06-18 14:54:56.691  INFO 18312 --- [SpringApplicationShutdownHook] com.zaxxer.hikari.HikariDataSource       : HikariPool-1 - Shutdown completed.
2023-06-18 14:55:03.985  INFO 18768 --- [main] com.example.demo.DemoApplication         : Starting DemoApplication using Java 17.0.4 on LAPTOP-C97C4J73 with PID 18768 (D:\Ну пускай эта папка будет для учебы\Java\BelBank\asb-main\demo\target\classes started by Xiaomi in D:\Ну пускай эта папка будет для учебы\Java\BelBank\asb-main\demo)
2023-06-18 14:55:03.988  INFO 18768 --- [main] com.example.demo.DemoApplication         : No active profile set, falling back to 1 default profile: "default"
2023-06-18 14:55:04.756  INFO 18768 --- [main] .s.d.r.c.RepositoryConfigurationDelegate : Bootstrapping Spring Data JPA repositories in DEFAULT mode.
2023-06-18 14:55:04.947  INFO 18768 --- [main] .s.d.r.c.RepositoryConfigurationDelegate : Finished Spring Data repository scanning in 168 ms. Found 2 JPA repository interfaces.
2023-06-18 14:55:06.105  INFO 18768 --- [main] o.s.b.w.embedded.tomcat.TomcatWebServer  : Tomcat initialized with port(s): 8080 (http)
2023-06-18 14:55:06.112  INFO 18768 --- [main] o.apache.catalina.core.StandardService   : Starting service [Tomcat]
2023-06-18 14:55:06.113  INFO 18768 --- [main] org.apache.catalina.core.StandardEngine  : Starting Servlet engine: [Apache Tomcat/9.0.68]
2023-06-18 14:55:06.390  INFO 18768 --- [main] o.a.c.c.C.[Tomcat].[localhost].[/]       : Initializing Spring embedded WebApplicationContext
2023-06-18 14:55:06.391  INFO 18768 --- [main] w.s.c.ServletWebServerApplicationContext : Root WebApplicationContext: initialization completed in 2355 ms
2023-06-18 14:55:06.708  INFO 18768 --- [main] o.f.c.internal.license.VersionPrinter    : Flyway Community Edition 8.5.13 by Redgate
2023-06-18 14:55:06.709  INFO 18768 --- [main] o.f.c.internal.license.VersionPrinter    : See what's new here: https://flywaydb.org/documentation/learnmore/releaseNotes#8.5.13
2023-06-18 14:55:06.709  INFO 18768 --- [main] o.f.c.internal.license.VersionPrinter    : 
2023-06-18 14:55:06.726  INFO 18768 --- [main] com.zaxxer.hikari.HikariDataSource       : HikariPool-1 - Starting...
2023-06-18 14:55:07.289  INFO 18768 --- [main] com.zaxxer.hikari.HikariDataSource       : HikariPool-1 - Start completed.
2023-06-18 14:55:07.366  INFO 18768 --- [main] o.f.c.i.database.base.BaseDatabaseType   : Database: jdbc:mysql://localhost:3306/andrei (MySQL 8.0)
2023-06-18 14:55:07.545  INFO 18768 --- [main] o.f.core.internal.command.DbValidate     : Successfully validated 4 migrations (execution time 00:00.076s)
2023-06-18 14:55:07.558  INFO 18768 --- [main] o.f.core.internal.command.DbMigrate      : Current version of schema `andrei`: 00004
2023-06-18 14:55:07.559  INFO 18768 --- [main] o.f.core.internal.command.DbMigrate      : Schema `andrei` is up to date. No migration necessary.
2023-06-18 14:55:07.653  INFO 18768 --- [main] o.hibernate.jpa.internal.util.LogHelper  : HHH000204: Processing PersistenceUnitInfo [name: default]
2023-06-18 14:55:07.701  INFO 18768 --- [main] org.hibernate.Version                    : HHH000412: Hibernate ORM core version 5.6.12.Final
2023-06-18 14:55:07.846  INFO 18768 --- [main] o.hibernate.annotations.common.Version   : HCANN000001: Hibernate Commons Annotations {5.1.2.Final}
2023-06-18 14:55:07.942  INFO 18768 --- [main] org.hibernate.dialect.Dialect            : HHH000400: Using dialect: org.hibernate.dialect.MySQL8Dialect
2023-06-18 14:55:08.997  INFO 18768 --- [main] o.h.e.t.j.p.i.JtaPlatformInitiator       : HHH000490: Using JtaPlatform implementation: [org.hibernate.engine.transaction.jta.platform.internal.NoJtaPlatform]
2023-06-18 14:55:09.023  INFO 18768 --- [main] j.LocalContainerEntityManagerFactoryBean : Initialized JPA EntityManagerFactory for persistence unit 'default'
2023-06-18 14:55:09.574  WARN 18768 --- [main] JpaBaseConfiguration$JpaWebConfiguration : spring.jpa.open-in-view is enabled by default. Therefore, database queries may be performed during view rendering. Explicitly configure spring.jpa.open-in-view to disable this warning
2023-06-18 14:55:10.689  INFO 18768 --- [main] o.s.b.w.embedded.tomcat.TomcatWebServer  : Tomcat started on port(s): 8080 (http) with context path ''
2023-06-18 14:55:10.713  INFO 18768 --- [main] com.example.demo.DemoApplication         : Started DemoApplication in 7.065 seconds (JVM running for 7.62)
2023-06-18 14:55:11.190  INFO 18768 --- [scheduling-1] Schedule Logger                          : Monthly Rates get from url 
2023-06-18 14:55:11.190  INFO 18768 --- [scheduling-1] Schedule Logger                          : Monthly Rates add into database 
2023-06-18 14:55:11.207  INFO 18768 --- [scheduling-1] Schedule Logger                          : Daily Rates get from url
2023-06-18 14:55:11.208  INFO 18768 --- [scheduling-1] Schedule Logger                          : Daily Rates add into database 
2023-06-18 14:58:30.337  INFO 18768 --- [http-nio-8080-exec-1] o.a.c.c.C.[Tomcat].[localhost].[/]       : Initializing Spring DispatcherServlet 'dispatcherServlet'
2023-06-18 14:58:30.337  INFO 18768 --- [http-nio-8080-exec-1] o.s.web.servlet.DispatcherServlet        : Initializing Servlet 'dispatcherServlet'
2023-06-18 14:58:30.338  INFO 18768 --- [http-nio-8080-exec-1] o.s.web.servlet.DispatcherServlet        : Completed initialization in 1 ms
2023-06-18 15:00:14.817  WARN 18768 --- [http-nio-8080-exec-8] .w.s.m.s.DefaultHandlerExceptionResolver : Resolved [org.springframework.web.HttpRequestMethodNotSupportedException: Request method 'GET' not supported]
2023-06-18 15:02:51.605  INFO 18768 --- [SpringApplicationShutdownHook] j.LocalContainerEntityManagerFactoryBean : Closing JPA EntityManagerFactory for persistence unit 'default'
2023-06-18 15:02:51.607  INFO 18768 --- [SpringApplicationShutdownHook] com.zaxxer.hikari.HikariDataSource       : HikariPool-1 - Shutdown initiated...
2023-06-18 15:02:51.614  INFO 18768 --- [SpringApplicationShutdownHook] com.zaxxer.hikari.HikariDataSource       : HikariPool-1 - Shutdown completed.
2023-06-18 15:02:59.883  INFO 18092 --- [main] com.example.demo.DemoApplication         : Starting DemoApplication using Java 17.0.4 on LAPTOP-C97C4J73 with PID 18092 (D:\Ну пускай эта папка будет для учебы\Java\BelBank\asb-main\demo\target\classes started by Xiaomi in D:\Ну пускай эта папка будет для учебы\Java\BelBank\asb-main\demo)
2023-06-18 15:02:59.886  INFO 18092 --- [main] com.example.demo.DemoApplication         : No active profile set, falling back to 1 default profile: "default"
2023-06-18 15:03:00.720  INFO 18092 --- [main] .s.d.r.c.RepositoryConfigurationDelegate : Bootstrapping Spring Data JPA repositories in DEFAULT mode.
2023-06-18 15:03:00.763  INFO 18092 --- [main] .s.d.r.c.RepositoryConfigurationDelegate : Finished Spring Data repository scanning in 37 ms. Found 2 JPA repository interfaces.
2023-06-18 15:03:01.748  INFO 18092 --- [main] o.s.b.w.embedded.tomcat.TomcatWebServer  : Tomcat initialized with port(s): 8080 (http)
2023-06-18 15:03:01.775  INFO 18092 --- [main] o.apache.catalina.core.StandardService   : Starting service [Tomcat]
2023-06-18 15:03:01.775  INFO 18092 --- [main] org.apache.catalina.core.StandardEngine  : Starting Servlet engine: [Apache Tomcat/9.0.68]
2023-06-18 15:03:02.089  INFO 18092 --- [main] o.a.c.c.C.[Tomcat].[localhost].[/]       : Initializing Spring embedded WebApplicationContext
2023-06-18 15:03:02.089  INFO 18092 --- [main] w.s.c.ServletWebServerApplicationContext : Root WebApplicationContext: initialization completed in 2155 ms
2023-06-18 15:03:02.423  INFO 18092 --- [main] o.f.c.internal.license.VersionPrinter    : Flyway Community Edition 8.5.13 by Redgate
2023-06-18 15:03:02.424  INFO 18092 --- [main] o.f.c.internal.license.VersionPrinter    : See what's new here: https://flywaydb.org/documentation/learnmore/releaseNotes#8.5.13
2023-06-18 15:03:02.425  INFO 18092 --- [main] o.f.c.internal.license.VersionPrinter    : 
2023-06-18 15:03:02.449  INFO 18092 --- [main] com.zaxxer.hikari.HikariDataSource       : HikariPool-1 - Starting...
2023-06-18 15:03:03.217  INFO 18092 --- [main] com.zaxxer.hikari.HikariDataSource       : HikariPool-1 - Start completed.
2023-06-18 15:03:03.282  INFO 18092 --- [main] o.f.c.i.database.base.BaseDatabaseType   : Database: jdbc:mysql://localhost:3306/andrei (MySQL 8.0)
2023-06-18 15:03:03.398  INFO 18092 --- [main] o.f.core.internal.command.DbValidate     : Successfully validated 4 migrations (execution time 00:00.053s)
2023-06-18 15:03:03.412  INFO 18092 --- [main] o.f.core.internal.command.DbMigrate      : Current version of schema `andrei`: 00004
2023-06-18 15:03:03.413  INFO 18092 --- [main] o.f.core.internal.command.DbMigrate      : Schema `andrei` is up to date. No migration necessary.
2023-06-18 15:03:03.523  INFO 18092 --- [main] o.hibernate.jpa.internal.util.LogHelper  : HHH000204: Processing PersistenceUnitInfo [name: default]
2023-06-18 15:03:03.559  INFO 18092 --- [main] org.hibernate.Version                    : HHH000412: Hibernate ORM core version 5.6.12.Final
2023-06-18 15:03:03.836  INFO 18092 --- [main] o.hibernate.annotations.common.Version   : HCANN000001: Hibernate Commons Annotations {5.1.2.Final}
2023-06-18 15:03:04.186  INFO 18092 --- [main] org.hibernate.dialect.Dialect            : HHH000400: Using dialect: org.hibernate.dialect.MySQL8Dialect
2023-06-18 15:03:05.663  INFO 18092 --- [main] o.h.e.t.j.p.i.JtaPlatformInitiator       : HHH000490: Using JtaPlatform implementation: [org.hibernate.engine.transaction.jta.platform.internal.NoJtaPlatform]
2023-06-18 15:03:05.677  INFO 18092 --- [main] j.LocalContainerEntityManagerFactoryBean : Initialized JPA EntityManagerFactory for persistence unit 'default'
2023-06-18 15:03:06.507  WARN 18092 --- [main] JpaBaseConfiguration$JpaWebConfiguration : spring.jpa.open-in-view is enabled by default. Therefore, database queries may be performed during view rendering. Explicitly configure spring.jpa.open-in-view to disable this warning
2023-06-18 15:03:07.802  INFO 18092 --- [main] o.s.b.w.embedded.tomcat.TomcatWebServer  : Tomcat started on port(s): 8080 (http) with context path ''
2023-06-18 15:03:07.833  INFO 18092 --- [main] com.example.demo.DemoApplication         : Started DemoApplication in 8.289 seconds (JVM running for 8.8)
2023-06-18 15:03:08.303  INFO 18092 --- [scheduling-1] Schedule Logger                          : Monthly Rates get from url 
2023-06-18 15:03:08.304  INFO 18092 --- [scheduling-1] Schedule Logger                          : Monthly Rates add into database 
2023-06-18 15:03:08.361  INFO 18092 --- [scheduling-1] Schedule Logger                          : Daily Rates get from url
2023-06-18 15:03:08.362  INFO 18092 --- [scheduling-1] Schedule Logger                          : Daily Rates add into database 
2023-06-18 15:03:47.819  INFO 18092 --- [http-nio-8080-exec-1] o.a.c.c.C.[Tomcat].[localhost].[/]       : Initializing Spring DispatcherServlet 'dispatcherServlet'
2023-06-18 15:03:47.820  INFO 18092 --- [http-nio-8080-exec-1] o.s.web.servlet.DispatcherServlet        : Initializing Servlet 'dispatcherServlet'
2023-06-18 15:03:47.822  INFO 18092 --- [http-nio-8080-exec-1] o.s.web.servlet.DispatcherServlet        : Completed initialization in 2 ms
2023-06-18 15:03:48.664  INFO 18092 --- [http-nio-8080-exec-9] o.springdoc.api.AbstractOpenApiResource  : Init duration for springdoc-openapi is: 147 ms
2023-06-18 15:07:44.400  INFO 18092 --- [SpringApplicationShutdownHook] j.LocalContainerEntityManagerFactoryBean : Closing JPA EntityManagerFactory for persistence unit 'default'
2023-06-18 15:07:44.402  INFO 18092 --- [SpringApplicationShutdownHook] com.zaxxer.hikari.HikariDataSource       : HikariPool-1 - Shutdown initiated...
2023-06-18 15:07:44.410  INFO 18092 --- [SpringApplicationShutdownHook] com.zaxxer.hikari.HikariDataSource       : HikariPool-1 - Shutdown completed.
2023-06-18 15:07:51.682  INFO 35344 --- [main] com.example.demo.DemoApplication         : Starting DemoApplication using Java 17.0.4 on LAPTOP-C97C4J73 with PID 35344 (D:\Ну пускай эта папка будет для учебы\Java\BelBank\asb-main\demo\target\classes started by Xiaomi in D:\Ну пускай эта папка будет для учебы\Java\BelBank\asb-main\demo)
2023-06-18 15:07:51.684  INFO 35344 --- [main] com.example.demo.DemoApplication         : No active profile set, falling back to 1 default profile: "default"
2023-06-18 15:07:52.390  INFO 35344 --- [main] .s.d.r.c.RepositoryConfigurationDelegate : Bootstrapping Spring Data JPA repositories in DEFAULT mode.
2023-06-18 15:07:52.486  INFO 35344 --- [main] .s.d.r.c.RepositoryConfigurationDelegate : Finished Spring Data repository scanning in 88 ms. Found 2 JPA repository interfaces.
2023-06-18 15:07:53.397  INFO 35344 --- [main] o.s.b.w.embedded.tomcat.TomcatWebServer  : Tomcat initialized with port(s): 8080 (http)
2023-06-18 15:07:53.410  INFO 35344 --- [main] o.apache.catalina.core.StandardService   : Starting service [Tomcat]
2023-06-18 15:07:53.410  INFO 35344 --- [main] org.apache.catalina.core.StandardEngine  : Starting Servlet engine: [Apache Tomcat/9.0.68]
2023-06-18 15:07:53.522  INFO 35344 --- [main] o.a.c.c.C.[Tomcat].[localhost].[/]       : Initializing Spring embedded WebApplicationContext
2023-06-18 15:07:53.523  INFO 35344 --- [main] w.s.c.ServletWebServerApplicationContext : Root WebApplicationContext: initialization completed in 1792 ms
2023-06-18 15:07:53.685  INFO 35344 --- [main] o.f.c.internal.license.VersionPrinter    : Flyway Community Edition 8.5.13 by Redgate
2023-06-18 15:07:53.686  INFO 35344 --- [main] o.f.c.internal.license.VersionPrinter    : See what's new here: https://flywaydb.org/documentation/learnmore/releaseNotes#8.5.13
2023-06-18 15:07:53.686  INFO 35344 --- [main] o.f.c.internal.license.VersionPrinter    : 
2023-06-18 15:07:53.693  INFO 35344 --- [main] com.zaxxer.hikari.HikariDataSource       : HikariPool-1 - Starting...
2023-06-18 15:07:54.065  INFO 35344 --- [main] com.zaxxer.hikari.HikariDataSource       : HikariPool-1 - Start completed.
2023-06-18 15:07:54.089  INFO 35344 --- [main] o.f.c.i.database.base.BaseDatabaseType   : Database: jdbc:mysql://localhost:3306/andrei (MySQL 8.0)
2023-06-18 15:07:54.202  INFO 35344 --- [main] o.f.core.internal.command.DbValidate     : Successfully validated 4 migrations (execution time 00:00.077s)
2023-06-18 15:07:54.225  INFO 35344 --- [main] o.f.core.internal.command.DbMigrate      : Current version of schema `andrei`: 00004
2023-06-18 15:07:54.227  INFO 35344 --- [main] o.f.core.internal.command.DbMigrate      : Schema `andrei` is up to date. No migration necessary.
2023-06-18 15:07:54.430  INFO 35344 --- [main] o.hibernate.jpa.internal.util.LogHelper  : HHH000204: Processing PersistenceUnitInfo [name: default]
2023-06-18 15:07:54.532  INFO 35344 --- [main] org.hibernate.Version                    : HHH000412: Hibernate ORM core version 5.6.12.Final
2023-06-18 15:07:54.769  INFO 35344 --- [main] o.hibernate.annotations.common.Version   : HCANN000001: Hibernate Commons Annotations {5.1.2.Final}
2023-06-18 15:07:55.012  INFO 35344 --- [main] org.hibernate.dialect.Dialect            : HHH000400: Using dialect: org.hibernate.dialect.MySQL8Dialect
2023-06-18 15:07:55.728  INFO 35344 --- [main] o.h.e.t.j.p.i.JtaPlatformInitiator       : HHH000490: Using JtaPlatform implementation: [org.hibernate.engine.transaction.jta.platform.internal.NoJtaPlatform]
2023-06-18 15:07:55.735  INFO 35344 --- [main] j.LocalContainerEntityManagerFactoryBean : Initialized JPA EntityManagerFactory for persistence unit 'default'
2023-06-18 15:07:56.691  WARN 35344 --- [main] JpaBaseConfiguration$JpaWebConfiguration : spring.jpa.open-in-view is enabled by default. Therefore, database queries may be performed during view rendering. Explicitly configure spring.jpa.open-in-view to disable this warning
2023-06-18 15:07:57.630  INFO 35344 --- [main] o.s.b.w.embedded.tomcat.TomcatWebServer  : Tomcat started on port(s): 8080 (http) with context path ''
2023-06-18 15:07:57.671  INFO 35344 --- [main] com.example.demo.DemoApplication         : Started DemoApplication in 6.322 seconds (JVM running for 6.868)
2023-06-18 15:07:58.227  INFO 35344 --- [scheduling-1] Schedule Logger                          : Monthly Rates get from url 
2023-06-18 15:07:58.228  INFO 35344 --- [scheduling-1] Schedule Logger                          : Monthly Rates add into database 
2023-06-18 15:07:58.248  INFO 35344 --- [scheduling-1] Schedule Logger                          : Daily Rates get from url
2023-06-18 15:07:58.249  INFO 35344 --- [scheduling-1] Schedule Logger                          : Daily Rates add into database 
2023-06-18 15:08:02.107  INFO 35344 --- [http-nio-8080-exec-1] o.a.c.c.C.[Tomcat].[localhost].[/]       : Initializing Spring DispatcherServlet 'dispatcherServlet'
2023-06-18 15:08:02.108  INFO 35344 --- [http-nio-8080-exec-1] o.s.web.servlet.DispatcherServlet        : Initializing Servlet 'dispatcherServlet'
2023-06-18 15:08:02.109  INFO 35344 --- [http-nio-8080-exec-1] o.s.web.servlet.DispatcherServlet        : Completed initialization in 1 ms
2023-06-18 15:08:02.588  INFO 35344 --- [http-nio-8080-exec-6] o.springdoc.api.AbstractOpenApiResource  : Init duration for springdoc-openapi is: 147 ms
2023-06-18 15:09:04.989  INFO 35344 --- [SpringApplicationShutdownHook] j.LocalContainerEntityManagerFactoryBean : Closing JPA EntityManagerFactory for persistence unit 'default'
2023-06-18 15:09:04.990  INFO 35344 --- [SpringApplicationShutdownHook] com.zaxxer.hikari.HikariDataSource       : HikariPool-1 - Shutdown initiated...
2023-06-18 15:09:04.996  INFO 35344 --- [SpringApplicationShutdownHook] com.zaxxer.hikari.HikariDataSource       : HikariPool-1 - Shutdown completed.
2023-06-18 15:39:48.602  INFO 32756 --- [main] com.example.demo.DemoApplication         : Starting DemoApplication using Java 17.0.4 on LAPTOP-C97C4J73 with PID 32756 (D:\Ну пускай эта папка будет для учебы\Java\BelBank\asb-main\demo\target\classes started by Xiaomi in D:\Ну пускай эта папка будет для учебы\Java\BelBank\asb-main\demo)
2023-06-18 15:39:48.604  INFO 32756 --- [main] com.example.demo.DemoApplication         : No active profile set, falling back to 1 default profile: "default"
2023-06-18 15:39:49.542  INFO 32756 --- [main] .s.d.r.c.RepositoryConfigurationDelegate : Bootstrapping Spring Data JPA repositories in DEFAULT mode.
2023-06-18 15:39:49.691  INFO 32756 --- [main] .s.d.r.c.RepositoryConfigurationDelegate : Finished Spring Data repository scanning in 132 ms. Found 2 JPA repository interfaces.
2023-06-18 15:39:50.879  INFO 32756 --- [main] o.s.b.w.embedded.tomcat.TomcatWebServer  : Tomcat initialized with port(s): 8080 (http)
2023-06-18 15:39:50.890  INFO 32756 --- [main] o.apache.catalina.core.StandardService   : Starting service [Tomcat]
2023-06-18 15:39:50.891  INFO 32756 --- [main] org.apache.catalina.core.StandardEngine  : Starting Servlet engine: [Apache Tomcat/9.0.68]
2023-06-18 15:39:51.087  INFO 32756 --- [main] o.a.c.c.C.[Tomcat].[localhost].[/]       : Initializing Spring embedded WebApplicationContext
2023-06-18 15:39:51.087  INFO 32756 --- [main] w.s.c.ServletWebServerApplicationContext : Root WebApplicationContext: initialization completed in 2435 ms
2023-06-18 15:39:51.426  INFO 32756 --- [main] o.f.c.internal.license.VersionPrinter    : Flyway Community Edition 8.5.13 by Redgate
2023-06-18 15:39:51.427  INFO 32756 --- [main] o.f.c.internal.license.VersionPrinter    : See what's new here: https://flywaydb.org/documentation/learnmore/releaseNotes#8.5.13
2023-06-18 15:39:51.427  INFO 32756 --- [main] o.f.c.internal.license.VersionPrinter    : 
2023-06-18 15:39:51.455  INFO 32756 --- [main] com.zaxxer.hikari.HikariDataSource       : HikariPool-1 - Starting...
2023-06-18 15:39:52.134  INFO 32756 --- [main] com.zaxxer.hikari.HikariDataSource       : HikariPool-1 - Start completed.
2023-06-18 15:39:52.177  INFO 32756 --- [main] o.f.c.i.database.base.BaseDatabaseType   : Database: jdbc:mysql://localhost:3306/andrei (MySQL 8.0)
2023-06-18 15:39:52.371  INFO 32756 --- [main] o.f.core.internal.command.DbValidate     : Successfully validated 4 migrations (execution time 00:00.115s)
2023-06-18 15:39:52.401  INFO 32756 --- [main] o.f.core.internal.command.DbMigrate      : Current version of schema `andrei`: 00004
2023-06-18 15:39:52.404  INFO 32756 --- [main] o.f.core.internal.command.DbMigrate      : Schema `andrei` is up to date. No migration necessary.
2023-06-18 15:39:52.659  INFO 32756 --- [main] o.hibernate.jpa.internal.util.LogHelper  : HHH000204: Processing PersistenceUnitInfo [name: default]
2023-06-18 15:39:52.709  INFO 32756 --- [main] org.hibernate.Version                    : HHH000412: Hibernate ORM core version 5.6.12.Final
2023-06-18 15:39:53.169  INFO 32756 --- [main] o.hibernate.annotations.common.Version   : HCANN000001: Hibernate Commons Annotations {5.1.2.Final}
2023-06-18 15:39:53.370  INFO 32756 --- [main] org.hibernate.dialect.Dialect            : HHH000400: Using dialect: org.hibernate.dialect.MySQL8Dialect
2023-06-18 15:39:54.425  INFO 32756 --- [main] o.h.e.t.j.p.i.JtaPlatformInitiator       : HHH000490: Using JtaPlatform implementation: [org.hibernate.engine.transaction.jta.platform.internal.NoJtaPlatform]
2023-06-18 15:39:54.439  INFO 32756 --- [main] j.LocalContainerEntityManagerFactoryBean : Initialized JPA EntityManagerFactory for persistence unit 'default'
2023-06-18 15:39:54.990  WARN 32756 --- [main] JpaBaseConfiguration$JpaWebConfiguration : spring.jpa.open-in-view is enabled by default. Therefore, database queries may be performed during view rendering. Explicitly configure spring.jpa.open-in-view to disable this warning
2023-06-18 15:39:55.797  INFO 32756 --- [main] o.s.b.w.embedded.tomcat.TomcatWebServer  : Tomcat started on port(s): 8080 (http) with context path ''
2023-06-18 15:39:55.809  INFO 32756 --- [main] com.example.demo.DemoApplication         : Started DemoApplication in 7.593 seconds (JVM running for 8.109)
2023-06-18 15:39:56.111  INFO 32756 --- [scheduling-1] Schedule Logger                          : Daily Rates get from url
2023-06-18 15:39:56.111  INFO 32756 --- [scheduling-1] Schedule Logger                          : Daily Rates add into database 
2023-06-18 15:39:56.165  INFO 32756 --- [scheduling-1] Schedule Logger                          : Monthly Rates get from url 
2023-06-18 15:39:56.166  INFO 32756 --- [scheduling-1] Schedule Logger                          : Monthly Rates add into database 
2023-06-18 15:39:57.930  INFO 32756 --- [http-nio-8080-exec-1] o.a.c.c.C.[Tomcat].[localhost].[/]       : Initializing Spring DispatcherServlet 'dispatcherServlet'
2023-06-18 15:39:57.930  INFO 32756 --- [http-nio-8080-exec-1] o.s.web.servlet.DispatcherServlet        : Initializing Servlet 'dispatcherServlet'
2023-06-18 15:39:57.931  INFO 32756 --- [http-nio-8080-exec-1] o.s.web.servlet.DispatcherServlet        : Completed initialization in 1 ms
2023-06-18 15:39:58.774  INFO 32756 --- [http-nio-8080-exec-9] o.springdoc.api.AbstractOpenApiResource  : Init duration for springdoc-openapi is: 202 ms
2023-06-18 15:42:13.695  INFO 32756 --- [SpringApplicationShutdownHook] j.LocalContainerEntityManagerFactoryBean : Closing JPA EntityManagerFactory for persistence unit 'default'
2023-06-18 15:42:13.696  INFO 32756 --- [SpringApplicationShutdownHook] com.zaxxer.hikari.HikariDataSource       : HikariPool-1 - Shutdown initiated...
2023-06-18 15:42:13.701  INFO 32756 --- [SpringApplicationShutdownHook] com.zaxxer.hikari.HikariDataSource       : HikariPool-1 - Shutdown completed.
2023-06-18 15:42:20.482  INFO 37640 --- [main] com.example.demo.DemoApplication         : Starting DemoApplication using Java 17.0.4 on LAPTOP-C97C4J73 with PID 37640 (D:\Ну пускай эта папка будет для учебы\Java\BelBank\asb-main\demo\target\classes started by Xiaomi in D:\Ну пускай эта папка будет для учебы\Java\BelBank\asb-main\demo)
2023-06-18 15:42:20.485  INFO 37640 --- [main] com.example.demo.DemoApplication         : No active profile set, falling back to 1 default profile: "default"
2023-06-18 15:42:21.362  INFO 37640 --- [main] .s.d.r.c.RepositoryConfigurationDelegate : Bootstrapping Spring Data JPA repositories in DEFAULT mode.
2023-06-18 15:42:21.521  INFO 37640 --- [main] .s.d.r.c.RepositoryConfigurationDelegate : Finished Spring Data repository scanning in 136 ms. Found 2 JPA repository interfaces.
2023-06-18 15:42:22.639  INFO 37640 --- [main] o.s.b.w.embedded.tomcat.TomcatWebServer  : Tomcat initialized with port(s): 8080 (http)
2023-06-18 15:42:22.647  INFO 37640 --- [main] o.apache.catalina.core.StandardService   : Starting service [Tomcat]
2023-06-18 15:42:22.647  INFO 37640 --- [main] org.apache.catalina.core.StandardEngine  : Starting Servlet engine: [Apache Tomcat/9.0.68]
2023-06-18 15:42:22.873  INFO 37640 --- [main] o.a.c.c.C.[Tomcat].[localhost].[/]       : Initializing Spring embedded WebApplicationContext
2023-06-18 15:42:22.874  INFO 37640 --- [main] w.s.c.ServletWebServerApplicationContext : Root WebApplicationContext: initialization completed in 2335 ms
2023-06-18 15:42:23.099  INFO 37640 --- [main] o.f.c.internal.license.VersionPrinter    : Flyway Community Edition 8.5.13 by Redgate
2023-06-18 15:42:23.099  INFO 37640 --- [main] o.f.c.internal.license.VersionPrinter    : See what's new here: https://flywaydb.org/documentation/learnmore/releaseNotes#8.5.13
2023-06-18 15:42:23.099  INFO 37640 --- [main] o.f.c.internal.license.VersionPrinter    : 
2023-06-18 15:42:23.108  INFO 37640 --- [main] com.zaxxer.hikari.HikariDataSource       : HikariPool-1 - Starting...
2023-06-18 15:42:23.419  INFO 37640 --- [main] com.zaxxer.hikari.HikariDataSource       : HikariPool-1 - Start completed.
2023-06-18 15:42:23.461  INFO 37640 --- [main] o.f.c.i.database.base.BaseDatabaseType   : Database: jdbc:mysql://localhost:3306/andrei (MySQL 8.0)
2023-06-18 15:42:23.514  INFO 37640 --- [main] o.f.core.internal.command.DbValidate     : Successfully validated 4 migrations (execution time 00:00.028s)
2023-06-18 15:42:23.525  INFO 37640 --- [main] o.f.core.internal.command.DbMigrate      : Current version of schema `andrei`: 00004
2023-06-18 15:42:23.526  INFO 37640 --- [main] o.f.core.internal.command.DbMigrate      : Schema `andrei` is up to date. No migration necessary.
2023-06-18 15:42:23.626  INFO 37640 --- [main] o.hibernate.jpa.internal.util.LogHelper  : HHH000204: Processing PersistenceUnitInfo [name: default]
2023-06-18 15:42:23.676  INFO 37640 --- [main] org.hibernate.Version                    : HHH000412: Hibernate ORM core version 5.6.12.Final
2023-06-18 15:42:23.928  INFO 37640 --- [main] o.hibernate.annotations.common.Version   : HCANN000001: Hibernate Commons Annotations {5.1.2.Final}
2023-06-18 15:42:24.317  INFO 37640 --- [main] org.hibernate.dialect.Dialect            : HHH000400: Using dialect: org.hibernate.dialect.MySQL8Dialect
2023-06-18 15:42:26.009  INFO 37640 --- [main] o.h.e.t.j.p.i.JtaPlatformInitiator       : HHH000490: Using JtaPlatform implementation: [org.hibernate.engine.transaction.jta.platform.internal.NoJtaPlatform]
2023-06-18 15:42:26.033  INFO 37640 --- [main] j.LocalContainerEntityManagerFactoryBean : Initialized JPA EntityManagerFactory for persistence unit 'default'
2023-06-18 15:42:27.169  WARN 37640 --- [main] JpaBaseConfiguration$JpaWebConfiguration : spring.jpa.open-in-view is enabled by default. Therefore, database queries may be performed during view rendering. Explicitly configure spring.jpa.open-in-view to disable this warning
2023-06-18 15:42:28.791  INFO 37640 --- [main] o.s.b.w.embedded.tomcat.TomcatWebServer  : Tomcat started on port(s): 8080 (http) with context path ''
2023-06-18 15:42:28.823  INFO 37640 --- [main] com.example.demo.DemoApplication         : Started DemoApplication in 8.686 seconds (JVM running for 9.207)
2023-06-18 15:42:29.374  INFO 37640 --- [scheduling-1] Schedule Logger                          : Monthly Rates get from url 
2023-06-18 15:42:29.374  INFO 37640 --- [scheduling-1] Schedule Logger                          : Monthly Rates add into database 
2023-06-18 15:42:29.429  INFO 37640 --- [scheduling-1] Schedule Logger                          : Daily Rates get from url
2023-06-18 15:42:29.429  INFO 37640 --- [scheduling-1] Schedule Logger                          : Daily Rates add into database 
2023-06-18 15:42:34.254  INFO 37640 --- [SpringApplicationShutdownHook] j.LocalContainerEntityManagerFactoryBean : Closing JPA EntityManagerFactory for persistence unit 'default'
2023-06-18 15:42:34.255  INFO 37640 --- [SpringApplicationShutdownHook] com.zaxxer.hikari.HikariDataSource       : HikariPool-1 - Shutdown initiated...
2023-06-18 15:42:34.261  INFO 37640 --- [SpringApplicationShutdownHook] com.zaxxer.hikari.HikariDataSource       : HikariPool-1 - Shutdown completed.
